[2024-01-13T23:04:55.143+0500] {processor.py:161} INFO - Started process (PID=4489) to work on /home/ml-srv/ml_pr3/airflow/dags/youtube_comments_score.py
[2024-01-13T23:04:55.144+0500] {processor.py:830} INFO - Processing file /home/ml-srv/ml_pr3/airflow/dags/youtube_comments_score.py for tasks to queue
[2024-01-13T23:04:55.144+0500] {logging_mixin.py:188} INFO - [2024-01-13T23:04:55.144+0500] {dagbag.py:538} INFO - Filling up the DagBag from /home/ml-srv/ml_pr3/airflow/dags/youtube_comments_score.py
[2024-01-13T23:04:55.155+0500] {processor.py:840} INFO - DAG(s) 'youtube_comments_score' retrieved from /home/ml-srv/ml_pr3/airflow/dags/youtube_comments_score.py
[2024-01-13T23:04:55.233+0500] {logging_mixin.py:188} INFO - [2024-01-13T23:04:55.233+0500] {override.py:1769} INFO - Created Permission View: can edit on DAG:youtube_comments_score
[2024-01-13T23:04:55.242+0500] {logging_mixin.py:188} INFO - [2024-01-13T23:04:55.241+0500] {override.py:1769} INFO - Created Permission View: can delete on DAG:youtube_comments_score
[2024-01-13T23:04:55.247+0500] {logging_mixin.py:188} INFO - [2024-01-13T23:04:55.247+0500] {override.py:1769} INFO - Created Permission View: can read on DAG:youtube_comments_score
[2024-01-13T23:04:55.248+0500] {logging_mixin.py:188} INFO - [2024-01-13T23:04:55.247+0500] {dag.py:3033} INFO - Sync 1 DAGs
[2024-01-13T23:04:55.254+0500] {logging_mixin.py:188} INFO - [2024-01-13T23:04:55.254+0500] {dag.py:3055} INFO - Creating ORM DAG for youtube_comments_score
[2024-01-13T23:04:55.255+0500] {logging_mixin.py:188} INFO - [2024-01-13T23:04:55.254+0500] {dag.py:3820} INFO - Setting next_dagrun for youtube_comments_score to None, run_after=None
[2024-01-13T23:04:55.270+0500] {processor.py:183} INFO - Processing /home/ml-srv/ml_pr3/airflow/dags/youtube_comments_score.py took 0.129 seconds
[2024-01-13T23:05:26.314+0500] {processor.py:161} INFO - Started process (PID=4622) to work on /home/ml-srv/ml_pr3/airflow/dags/youtube_comments_score.py
[2024-01-13T23:05:26.315+0500] {processor.py:830} INFO - Processing file /home/ml-srv/ml_pr3/airflow/dags/youtube_comments_score.py for tasks to queue
[2024-01-13T23:05:26.315+0500] {logging_mixin.py:188} INFO - [2024-01-13T23:05:26.315+0500] {dagbag.py:538} INFO - Filling up the DagBag from /home/ml-srv/ml_pr3/airflow/dags/youtube_comments_score.py
[2024-01-13T23:05:26.323+0500] {processor.py:840} INFO - DAG(s) 'youtube_comments_score' retrieved from /home/ml-srv/ml_pr3/airflow/dags/youtube_comments_score.py
[2024-01-13T23:05:26.337+0500] {logging_mixin.py:188} INFO - [2024-01-13T23:05:26.337+0500] {dag.py:3033} INFO - Sync 1 DAGs
[2024-01-13T23:05:26.346+0500] {logging_mixin.py:188} INFO - [2024-01-13T23:05:26.345+0500] {dag.py:3820} INFO - Setting next_dagrun for youtube_comments_score to None, run_after=None
[2024-01-13T23:05:26.359+0500] {processor.py:183} INFO - Processing /home/ml-srv/ml_pr3/airflow/dags/youtube_comments_score.py took 0.047 seconds
[2024-01-13T23:05:56.512+0500] {processor.py:161} INFO - Started process (PID=4812) to work on /home/ml-srv/ml_pr3/airflow/dags/youtube_comments_score.py
[2024-01-13T23:05:56.513+0500] {processor.py:830} INFO - Processing file /home/ml-srv/ml_pr3/airflow/dags/youtube_comments_score.py for tasks to queue
[2024-01-13T23:05:56.514+0500] {logging_mixin.py:188} INFO - [2024-01-13T23:05:56.513+0500] {dagbag.py:538} INFO - Filling up the DagBag from /home/ml-srv/ml_pr3/airflow/dags/youtube_comments_score.py
[2024-01-13T23:05:56.522+0500] {processor.py:840} INFO - DAG(s) 'youtube_comments_score' retrieved from /home/ml-srv/ml_pr3/airflow/dags/youtube_comments_score.py
[2024-01-13T23:05:56.538+0500] {logging_mixin.py:188} INFO - [2024-01-13T23:05:56.538+0500] {dag.py:3033} INFO - Sync 1 DAGs
[2024-01-13T23:05:56.546+0500] {logging_mixin.py:188} INFO - [2024-01-13T23:05:56.546+0500] {dag.py:3820} INFO - Setting next_dagrun for youtube_comments_score to None, run_after=None
[2024-01-13T23:05:56.561+0500] {processor.py:183} INFO - Processing /home/ml-srv/ml_pr3/airflow/dags/youtube_comments_score.py took 0.051 seconds
[2024-01-13T23:06:26.773+0500] {processor.py:161} INFO - Started process (PID=5046) to work on /home/ml-srv/ml_pr3/airflow/dags/youtube_comments_score.py
[2024-01-13T23:06:26.775+0500] {processor.py:830} INFO - Processing file /home/ml-srv/ml_pr3/airflow/dags/youtube_comments_score.py for tasks to queue
[2024-01-13T23:06:26.776+0500] {logging_mixin.py:188} INFO - [2024-01-13T23:06:26.776+0500] {dagbag.py:538} INFO - Filling up the DagBag from /home/ml-srv/ml_pr3/airflow/dags/youtube_comments_score.py
[2024-01-13T23:06:26.785+0500] {processor.py:840} INFO - DAG(s) 'youtube_comments_score' retrieved from /home/ml-srv/ml_pr3/airflow/dags/youtube_comments_score.py
[2024-01-13T23:06:26.803+0500] {logging_mixin.py:188} INFO - [2024-01-13T23:06:26.803+0500] {dag.py:3033} INFO - Sync 1 DAGs
[2024-01-13T23:06:26.810+0500] {logging_mixin.py:188} INFO - [2024-01-13T23:06:26.810+0500] {dag.py:3820} INFO - Setting next_dagrun for youtube_comments_score to None, run_after=None
[2024-01-13T23:06:26.825+0500] {processor.py:183} INFO - Processing /home/ml-srv/ml_pr3/airflow/dags/youtube_comments_score.py took 0.053 seconds
[2024-01-13T23:06:57.002+0500] {processor.py:161} INFO - Started process (PID=5238) to work on /home/ml-srv/ml_pr3/airflow/dags/youtube_comments_score.py
[2024-01-13T23:06:57.003+0500] {processor.py:830} INFO - Processing file /home/ml-srv/ml_pr3/airflow/dags/youtube_comments_score.py for tasks to queue
[2024-01-13T23:06:57.004+0500] {logging_mixin.py:188} INFO - [2024-01-13T23:06:57.004+0500] {dagbag.py:538} INFO - Filling up the DagBag from /home/ml-srv/ml_pr3/airflow/dags/youtube_comments_score.py
[2024-01-13T23:06:57.012+0500] {processor.py:840} INFO - DAG(s) 'youtube_comments_score' retrieved from /home/ml-srv/ml_pr3/airflow/dags/youtube_comments_score.py
[2024-01-13T23:06:57.027+0500] {logging_mixin.py:188} INFO - [2024-01-13T23:06:57.027+0500] {dag.py:3033} INFO - Sync 1 DAGs
[2024-01-13T23:06:57.035+0500] {logging_mixin.py:188} INFO - [2024-01-13T23:06:57.035+0500] {dag.py:3820} INFO - Setting next_dagrun for youtube_comments_score to None, run_after=None
[2024-01-13T23:06:57.050+0500] {processor.py:183} INFO - Processing /home/ml-srv/ml_pr3/airflow/dags/youtube_comments_score.py took 0.049 seconds
[2024-01-13T23:07:27.243+0500] {processor.py:161} INFO - Started process (PID=5422) to work on /home/ml-srv/ml_pr3/airflow/dags/youtube_comments_score.py
[2024-01-13T23:07:27.244+0500] {processor.py:830} INFO - Processing file /home/ml-srv/ml_pr3/airflow/dags/youtube_comments_score.py for tasks to queue
[2024-01-13T23:07:27.245+0500] {logging_mixin.py:188} INFO - [2024-01-13T23:07:27.245+0500] {dagbag.py:538} INFO - Filling up the DagBag from /home/ml-srv/ml_pr3/airflow/dags/youtube_comments_score.py
[2024-01-13T23:07:27.253+0500] {processor.py:840} INFO - DAG(s) 'youtube_comments_score' retrieved from /home/ml-srv/ml_pr3/airflow/dags/youtube_comments_score.py
[2024-01-13T23:07:27.268+0500] {logging_mixin.py:188} INFO - [2024-01-13T23:07:27.268+0500] {dag.py:3033} INFO - Sync 1 DAGs
[2024-01-13T23:07:27.276+0500] {logging_mixin.py:188} INFO - [2024-01-13T23:07:27.275+0500] {dag.py:3820} INFO - Setting next_dagrun for youtube_comments_score to None, run_after=None
[2024-01-13T23:07:27.290+0500] {processor.py:183} INFO - Processing /home/ml-srv/ml_pr3/airflow/dags/youtube_comments_score.py took 0.049 seconds
[2024-01-13T23:07:57.485+0500] {processor.py:161} INFO - Started process (PID=5617) to work on /home/ml-srv/ml_pr3/airflow/dags/youtube_comments_score.py
[2024-01-13T23:07:57.486+0500] {processor.py:830} INFO - Processing file /home/ml-srv/ml_pr3/airflow/dags/youtube_comments_score.py for tasks to queue
[2024-01-13T23:07:57.487+0500] {logging_mixin.py:188} INFO - [2024-01-13T23:07:57.486+0500] {dagbag.py:538} INFO - Filling up the DagBag from /home/ml-srv/ml_pr3/airflow/dags/youtube_comments_score.py
[2024-01-13T23:07:57.494+0500] {processor.py:840} INFO - DAG(s) 'youtube_comments_score' retrieved from /home/ml-srv/ml_pr3/airflow/dags/youtube_comments_score.py
[2024-01-13T23:07:57.509+0500] {logging_mixin.py:188} INFO - [2024-01-13T23:07:57.509+0500] {dag.py:3033} INFO - Sync 1 DAGs
[2024-01-13T23:07:57.517+0500] {logging_mixin.py:188} INFO - [2024-01-13T23:07:57.517+0500] {dag.py:3820} INFO - Setting next_dagrun for youtube_comments_score to None, run_after=None
[2024-01-13T23:07:57.531+0500] {processor.py:183} INFO - Processing /home/ml-srv/ml_pr3/airflow/dags/youtube_comments_score.py took 0.048 seconds
[2024-01-13T23:08:27.698+0500] {processor.py:161} INFO - Started process (PID=5800) to work on /home/ml-srv/ml_pr3/airflow/dags/youtube_comments_score.py
[2024-01-13T23:08:27.700+0500] {processor.py:830} INFO - Processing file /home/ml-srv/ml_pr3/airflow/dags/youtube_comments_score.py for tasks to queue
[2024-01-13T23:08:27.701+0500] {logging_mixin.py:188} INFO - [2024-01-13T23:08:27.701+0500] {dagbag.py:538} INFO - Filling up the DagBag from /home/ml-srv/ml_pr3/airflow/dags/youtube_comments_score.py
[2024-01-13T23:08:27.709+0500] {processor.py:840} INFO - DAG(s) 'youtube_comments_score' retrieved from /home/ml-srv/ml_pr3/airflow/dags/youtube_comments_score.py
[2024-01-13T23:08:27.725+0500] {logging_mixin.py:188} INFO - [2024-01-13T23:08:27.724+0500] {dag.py:3033} INFO - Sync 1 DAGs
[2024-01-13T23:08:27.732+0500] {logging_mixin.py:188} INFO - [2024-01-13T23:08:27.732+0500] {dag.py:3820} INFO - Setting next_dagrun for youtube_comments_score to None, run_after=None
[2024-01-13T23:08:27.747+0500] {processor.py:183} INFO - Processing /home/ml-srv/ml_pr3/airflow/dags/youtube_comments_score.py took 0.051 seconds
[2024-01-13T23:08:57.942+0500] {processor.py:161} INFO - Started process (PID=5953) to work on /home/ml-srv/ml_pr3/airflow/dags/youtube_comments_score.py
[2024-01-13T23:08:57.943+0500] {processor.py:830} INFO - Processing file /home/ml-srv/ml_pr3/airflow/dags/youtube_comments_score.py for tasks to queue
[2024-01-13T23:08:57.944+0500] {logging_mixin.py:188} INFO - [2024-01-13T23:08:57.944+0500] {dagbag.py:538} INFO - Filling up the DagBag from /home/ml-srv/ml_pr3/airflow/dags/youtube_comments_score.py
[2024-01-13T23:08:57.952+0500] {processor.py:840} INFO - DAG(s) 'youtube_comments_score' retrieved from /home/ml-srv/ml_pr3/airflow/dags/youtube_comments_score.py
[2024-01-13T23:08:57.967+0500] {logging_mixin.py:188} INFO - [2024-01-13T23:08:57.967+0500] {dag.py:3033} INFO - Sync 1 DAGs
[2024-01-13T23:08:57.975+0500] {logging_mixin.py:188} INFO - [2024-01-13T23:08:57.975+0500] {dag.py:3820} INFO - Setting next_dagrun for youtube_comments_score to None, run_after=None
[2024-01-13T23:08:57.990+0500] {processor.py:183} INFO - Processing /home/ml-srv/ml_pr3/airflow/dags/youtube_comments_score.py took 0.051 seconds
[2024-01-13T23:11:47.795+0500] {processor.py:161} INFO - Started process (PID=6228) to work on /home/ml-srv/ml_pr3/airflow/dags/youtube_comments_score.py
[2024-01-13T23:11:47.796+0500] {processor.py:830} INFO - Processing file /home/ml-srv/ml_pr3/airflow/dags/youtube_comments_score.py for tasks to queue
[2024-01-13T23:11:47.796+0500] {logging_mixin.py:188} INFO - [2024-01-13T23:11:47.796+0500] {dagbag.py:538} INFO - Filling up the DagBag from /home/ml-srv/ml_pr3/airflow/dags/youtube_comments_score.py
[2024-01-13T23:11:47.804+0500] {processor.py:840} INFO - DAG(s) 'youtube_comments_score' retrieved from /home/ml-srv/ml_pr3/airflow/dags/youtube_comments_score.py
[2024-01-13T23:11:47.824+0500] {logging_mixin.py:188} INFO - [2024-01-13T23:11:47.823+0500] {dag.py:3033} INFO - Sync 1 DAGs
[2024-01-13T23:11:47.831+0500] {logging_mixin.py:188} INFO - [2024-01-13T23:11:47.831+0500] {dag.py:3820} INFO - Setting next_dagrun for youtube_comments_score to None, run_after=None
[2024-01-13T23:11:47.847+0500] {processor.py:183} INFO - Processing /home/ml-srv/ml_pr3/airflow/dags/youtube_comments_score.py took 0.055 seconds
[2024-01-13T23:13:18.920+0500] {processor.py:161} INFO - Started process (PID=6548) to work on /home/ml-srv/ml_pr3/airflow/dags/youtube_comments_score.py
[2024-01-13T23:13:18.921+0500] {processor.py:830} INFO - Processing file /home/ml-srv/ml_pr3/airflow/dags/youtube_comments_score.py for tasks to queue
[2024-01-13T23:13:18.921+0500] {logging_mixin.py:188} INFO - [2024-01-13T23:13:18.921+0500] {dagbag.py:538} INFO - Filling up the DagBag from /home/ml-srv/ml_pr3/airflow/dags/youtube_comments_score.py
[2024-01-13T23:13:18.931+0500] {processor.py:840} INFO - DAG(s) 'youtube_comments_score' retrieved from /home/ml-srv/ml_pr3/airflow/dags/youtube_comments_score.py
[2024-01-13T23:13:18.999+0500] {logging_mixin.py:188} INFO - [2024-01-13T23:13:18.999+0500] {dag.py:3033} INFO - Sync 1 DAGs
[2024-01-13T23:13:19.004+0500] {logging_mixin.py:188} INFO - [2024-01-13T23:13:19.004+0500] {dag.py:3820} INFO - Setting next_dagrun for youtube_comments_score to None, run_after=None
[2024-01-13T23:13:19.021+0500] {processor.py:183} INFO - Processing /home/ml-srv/ml_pr3/airflow/dags/youtube_comments_score.py took 0.104 seconds
[2024-01-13T23:16:12.832+0500] {processor.py:161} INFO - Started process (PID=7223) to work on /home/ml-srv/ml_pr3/airflow/dags/youtube_comments_score.py
[2024-01-13T23:16:12.833+0500] {processor.py:830} INFO - Processing file /home/ml-srv/ml_pr3/airflow/dags/youtube_comments_score.py for tasks to queue
[2024-01-13T23:16:12.834+0500] {logging_mixin.py:188} INFO - [2024-01-13T23:16:12.833+0500] {dagbag.py:538} INFO - Filling up the DagBag from /home/ml-srv/ml_pr3/airflow/dags/youtube_comments_score.py
[2024-01-13T23:16:12.842+0500] {processor.py:840} INFO - DAG(s) 'youtube_comments_score' retrieved from /home/ml-srv/ml_pr3/airflow/dags/youtube_comments_score.py
[2024-01-13T23:16:12.913+0500] {logging_mixin.py:188} INFO - [2024-01-13T23:16:12.913+0500] {dag.py:3033} INFO - Sync 1 DAGs
[2024-01-13T23:16:12.918+0500] {logging_mixin.py:188} INFO - [2024-01-13T23:16:12.918+0500] {dag.py:3820} INFO - Setting next_dagrun for youtube_comments_score to None, run_after=None
[2024-01-13T23:16:12.936+0500] {processor.py:183} INFO - Processing /home/ml-srv/ml_pr3/airflow/dags/youtube_comments_score.py took 0.106 seconds
[2024-01-13T23:16:49.111+0500] {processor.py:161} INFO - Started process (PID=7543) to work on /home/ml-srv/ml_pr3/airflow/dags/youtube_comments_score.py
[2024-01-13T23:16:49.112+0500] {processor.py:830} INFO - Processing file /home/ml-srv/ml_pr3/airflow/dags/youtube_comments_score.py for tasks to queue
[2024-01-13T23:16:49.113+0500] {logging_mixin.py:188} INFO - [2024-01-13T23:16:49.113+0500] {dagbag.py:538} INFO - Filling up the DagBag from /home/ml-srv/ml_pr3/airflow/dags/youtube_comments_score.py
[2024-01-13T23:16:49.121+0500] {processor.py:840} INFO - DAG(s) 'youtube_comments_score' retrieved from /home/ml-srv/ml_pr3/airflow/dags/youtube_comments_score.py
[2024-01-13T23:16:49.138+0500] {logging_mixin.py:188} INFO - [2024-01-13T23:16:49.138+0500] {dag.py:3033} INFO - Sync 1 DAGs
[2024-01-13T23:16:49.148+0500] {logging_mixin.py:188} INFO - [2024-01-13T23:16:49.148+0500] {dag.py:3820} INFO - Setting next_dagrun for youtube_comments_score to None, run_after=None
[2024-01-13T23:16:49.165+0500] {processor.py:183} INFO - Processing /home/ml-srv/ml_pr3/airflow/dags/youtube_comments_score.py took 0.056 seconds
[2024-01-13T23:17:19.305+0500] {processor.py:161} INFO - Started process (PID=7802) to work on /home/ml-srv/ml_pr3/airflow/dags/youtube_comments_score.py
[2024-01-13T23:17:19.307+0500] {processor.py:830} INFO - Processing file /home/ml-srv/ml_pr3/airflow/dags/youtube_comments_score.py for tasks to queue
[2024-01-13T23:17:19.308+0500] {logging_mixin.py:188} INFO - [2024-01-13T23:17:19.307+0500] {dagbag.py:538} INFO - Filling up the DagBag from /home/ml-srv/ml_pr3/airflow/dags/youtube_comments_score.py
[2024-01-13T23:17:19.316+0500] {processor.py:840} INFO - DAG(s) 'youtube_comments_score' retrieved from /home/ml-srv/ml_pr3/airflow/dags/youtube_comments_score.py
[2024-01-13T23:17:19.338+0500] {logging_mixin.py:188} INFO - [2024-01-13T23:17:19.338+0500] {dag.py:3033} INFO - Sync 1 DAGs
[2024-01-13T23:17:19.347+0500] {logging_mixin.py:188} INFO - [2024-01-13T23:17:19.347+0500] {dag.py:3820} INFO - Setting next_dagrun for youtube_comments_score to None, run_after=None
[2024-01-13T23:17:19.364+0500] {processor.py:183} INFO - Processing /home/ml-srv/ml_pr3/airflow/dags/youtube_comments_score.py took 0.061 seconds
[2024-01-13T23:17:49.671+0500] {processor.py:161} INFO - Started process (PID=7955) to work on /home/ml-srv/ml_pr3/airflow/dags/youtube_comments_score.py
[2024-01-13T23:17:49.672+0500] {processor.py:830} INFO - Processing file /home/ml-srv/ml_pr3/airflow/dags/youtube_comments_score.py for tasks to queue
[2024-01-13T23:17:49.672+0500] {logging_mixin.py:188} INFO - [2024-01-13T23:17:49.672+0500] {dagbag.py:538} INFO - Filling up the DagBag from /home/ml-srv/ml_pr3/airflow/dags/youtube_comments_score.py
[2024-01-13T23:17:49.680+0500] {processor.py:840} INFO - DAG(s) 'youtube_comments_score' retrieved from /home/ml-srv/ml_pr3/airflow/dags/youtube_comments_score.py
[2024-01-13T23:17:49.697+0500] {logging_mixin.py:188} INFO - [2024-01-13T23:17:49.697+0500] {dag.py:3033} INFO - Sync 1 DAGs
[2024-01-13T23:17:49.704+0500] {logging_mixin.py:188} INFO - [2024-01-13T23:17:49.704+0500] {dag.py:3820} INFO - Setting next_dagrun for youtube_comments_score to None, run_after=None
[2024-01-13T23:17:49.719+0500] {processor.py:183} INFO - Processing /home/ml-srv/ml_pr3/airflow/dags/youtube_comments_score.py took 0.050 seconds
[2024-01-13T23:18:20.008+0500] {processor.py:161} INFO - Started process (PID=7967) to work on /home/ml-srv/ml_pr3/airflow/dags/youtube_comments_score.py
[2024-01-13T23:18:20.008+0500] {processor.py:830} INFO - Processing file /home/ml-srv/ml_pr3/airflow/dags/youtube_comments_score.py for tasks to queue
[2024-01-13T23:18:20.009+0500] {logging_mixin.py:188} INFO - [2024-01-13T23:18:20.009+0500] {dagbag.py:538} INFO - Filling up the DagBag from /home/ml-srv/ml_pr3/airflow/dags/youtube_comments_score.py
[2024-01-13T23:18:20.017+0500] {processor.py:840} INFO - DAG(s) 'youtube_comments_score' retrieved from /home/ml-srv/ml_pr3/airflow/dags/youtube_comments_score.py
[2024-01-13T23:18:20.032+0500] {logging_mixin.py:188} INFO - [2024-01-13T23:18:20.032+0500] {dag.py:3033} INFO - Sync 1 DAGs
[2024-01-13T23:18:20.039+0500] {logging_mixin.py:188} INFO - [2024-01-13T23:18:20.039+0500] {dag.py:3820} INFO - Setting next_dagrun for youtube_comments_score to None, run_after=None
[2024-01-13T23:18:20.054+0500] {processor.py:183} INFO - Processing /home/ml-srv/ml_pr3/airflow/dags/youtube_comments_score.py took 0.048 seconds
[2024-01-13T23:18:42.788+0500] {processor.py:161} INFO - Started process (PID=8145) to work on /home/ml-srv/ml_pr3/airflow/dags/youtube_comments_score.py
[2024-01-13T23:18:42.789+0500] {processor.py:830} INFO - Processing file /home/ml-srv/ml_pr3/airflow/dags/youtube_comments_score.py for tasks to queue
[2024-01-13T23:18:42.790+0500] {logging_mixin.py:188} INFO - [2024-01-13T23:18:42.789+0500] {dagbag.py:538} INFO - Filling up the DagBag from /home/ml-srv/ml_pr3/airflow/dags/youtube_comments_score.py
[2024-01-13T23:18:42.797+0500] {processor.py:840} INFO - DAG(s) 'youtube_comments_score' retrieved from /home/ml-srv/ml_pr3/airflow/dags/youtube_comments_score.py
[2024-01-13T23:18:42.813+0500] {logging_mixin.py:188} INFO - [2024-01-13T23:18:42.812+0500] {dag.py:3033} INFO - Sync 1 DAGs
[2024-01-13T23:18:42.820+0500] {logging_mixin.py:188} INFO - [2024-01-13T23:18:42.820+0500] {dag.py:3820} INFO - Setting next_dagrun for youtube_comments_score to None, run_after=None
[2024-01-13T23:18:42.836+0500] {processor.py:183} INFO - Processing /home/ml-srv/ml_pr3/airflow/dags/youtube_comments_score.py took 0.050 seconds
[2024-01-13T23:19:14.565+0500] {processor.py:161} INFO - Started process (PID=8402) to work on /home/ml-srv/ml_pr3/airflow/dags/youtube_comments_score.py
[2024-01-13T23:19:14.566+0500] {processor.py:830} INFO - Processing file /home/ml-srv/ml_pr3/airflow/dags/youtube_comments_score.py for tasks to queue
[2024-01-13T23:19:14.566+0500] {logging_mixin.py:188} INFO - [2024-01-13T23:19:14.566+0500] {dagbag.py:538} INFO - Filling up the DagBag from /home/ml-srv/ml_pr3/airflow/dags/youtube_comments_score.py
[2024-01-13T23:19:14.574+0500] {processor.py:840} INFO - DAG(s) 'youtube_comments_score' retrieved from /home/ml-srv/ml_pr3/airflow/dags/youtube_comments_score.py
[2024-01-13T23:19:14.590+0500] {logging_mixin.py:188} INFO - [2024-01-13T23:19:14.590+0500] {dag.py:3033} INFO - Sync 1 DAGs
[2024-01-13T23:19:14.600+0500] {logging_mixin.py:188} INFO - [2024-01-13T23:19:14.600+0500] {dag.py:3820} INFO - Setting next_dagrun for youtube_comments_score to None, run_after=None
[2024-01-13T23:19:14.616+0500] {processor.py:183} INFO - Processing /home/ml-srv/ml_pr3/airflow/dags/youtube_comments_score.py took 0.054 seconds
[2024-01-13T23:19:45.647+0500] {processor.py:161} INFO - Started process (PID=8658) to work on /home/ml-srv/ml_pr3/airflow/dags/youtube_comments_score.py
[2024-01-13T23:19:45.648+0500] {processor.py:830} INFO - Processing file /home/ml-srv/ml_pr3/airflow/dags/youtube_comments_score.py for tasks to queue
[2024-01-13T23:19:45.648+0500] {logging_mixin.py:188} INFO - [2024-01-13T23:19:45.648+0500] {dagbag.py:538} INFO - Filling up the DagBag from /home/ml-srv/ml_pr3/airflow/dags/youtube_comments_score.py
[2024-01-13T23:19:45.658+0500] {processor.py:840} INFO - DAG(s) 'youtube_comments_score' retrieved from /home/ml-srv/ml_pr3/airflow/dags/youtube_comments_score.py
[2024-01-13T23:19:45.676+0500] {logging_mixin.py:188} INFO - [2024-01-13T23:19:45.675+0500] {dag.py:3033} INFO - Sync 1 DAGs
[2024-01-13T23:19:45.683+0500] {logging_mixin.py:188} INFO - [2024-01-13T23:19:45.683+0500] {dag.py:3820} INFO - Setting next_dagrun for youtube_comments_score to None, run_after=None
[2024-01-13T23:19:45.697+0500] {processor.py:183} INFO - Processing /home/ml-srv/ml_pr3/airflow/dags/youtube_comments_score.py took 0.053 seconds
[2024-01-13T23:20:15.866+0500] {processor.py:161} INFO - Started process (PID=8815) to work on /home/ml-srv/ml_pr3/airflow/dags/youtube_comments_score.py
[2024-01-13T23:20:15.868+0500] {processor.py:830} INFO - Processing file /home/ml-srv/ml_pr3/airflow/dags/youtube_comments_score.py for tasks to queue
[2024-01-13T23:20:15.869+0500] {logging_mixin.py:188} INFO - [2024-01-13T23:20:15.868+0500] {dagbag.py:538} INFO - Filling up the DagBag from /home/ml-srv/ml_pr3/airflow/dags/youtube_comments_score.py
[2024-01-13T23:20:15.877+0500] {processor.py:840} INFO - DAG(s) 'youtube_comments_score' retrieved from /home/ml-srv/ml_pr3/airflow/dags/youtube_comments_score.py
[2024-01-13T23:20:15.894+0500] {logging_mixin.py:188} INFO - [2024-01-13T23:20:15.893+0500] {dag.py:3033} INFO - Sync 1 DAGs
[2024-01-13T23:20:15.901+0500] {logging_mixin.py:188} INFO - [2024-01-13T23:20:15.901+0500] {dag.py:3820} INFO - Setting next_dagrun for youtube_comments_score to None, run_after=None
[2024-01-13T23:20:15.916+0500] {processor.py:183} INFO - Processing /home/ml-srv/ml_pr3/airflow/dags/youtube_comments_score.py took 0.052 seconds
[2024-01-13T23:20:46.139+0500] {processor.py:161} INFO - Started process (PID=9029) to work on /home/ml-srv/ml_pr3/airflow/dags/youtube_comments_score.py
[2024-01-13T23:20:46.140+0500] {processor.py:830} INFO - Processing file /home/ml-srv/ml_pr3/airflow/dags/youtube_comments_score.py for tasks to queue
[2024-01-13T23:20:46.141+0500] {logging_mixin.py:188} INFO - [2024-01-13T23:20:46.141+0500] {dagbag.py:538} INFO - Filling up the DagBag from /home/ml-srv/ml_pr3/airflow/dags/youtube_comments_score.py
[2024-01-13T23:20:46.151+0500] {processor.py:840} INFO - DAG(s) 'youtube_comments_score' retrieved from /home/ml-srv/ml_pr3/airflow/dags/youtube_comments_score.py
[2024-01-13T23:20:46.167+0500] {logging_mixin.py:188} INFO - [2024-01-13T23:20:46.166+0500] {dag.py:3033} INFO - Sync 1 DAGs
[2024-01-13T23:20:46.181+0500] {logging_mixin.py:188} INFO - [2024-01-13T23:20:46.181+0500] {dag.py:3820} INFO - Setting next_dagrun for youtube_comments_score to None, run_after=None
[2024-01-13T23:20:46.195+0500] {processor.py:183} INFO - Processing /home/ml-srv/ml_pr3/airflow/dags/youtube_comments_score.py took 0.058 seconds
[2024-01-13T23:21:16.418+0500] {processor.py:161} INFO - Started process (PID=9278) to work on /home/ml-srv/ml_pr3/airflow/dags/youtube_comments_score.py
[2024-01-13T23:21:16.419+0500] {processor.py:830} INFO - Processing file /home/ml-srv/ml_pr3/airflow/dags/youtube_comments_score.py for tasks to queue
[2024-01-13T23:21:16.420+0500] {logging_mixin.py:188} INFO - [2024-01-13T23:21:16.419+0500] {dagbag.py:538} INFO - Filling up the DagBag from /home/ml-srv/ml_pr3/airflow/dags/youtube_comments_score.py
[2024-01-13T23:21:16.428+0500] {processor.py:840} INFO - DAG(s) 'youtube_comments_score' retrieved from /home/ml-srv/ml_pr3/airflow/dags/youtube_comments_score.py
[2024-01-13T23:21:16.443+0500] {logging_mixin.py:188} INFO - [2024-01-13T23:21:16.443+0500] {dag.py:3033} INFO - Sync 1 DAGs
[2024-01-13T23:21:16.451+0500] {logging_mixin.py:188} INFO - [2024-01-13T23:21:16.451+0500] {dag.py:3820} INFO - Setting next_dagrun for youtube_comments_score to None, run_after=None
[2024-01-13T23:21:16.465+0500] {processor.py:183} INFO - Processing /home/ml-srv/ml_pr3/airflow/dags/youtube_comments_score.py took 0.050 seconds
[2024-01-13T23:21:56.508+0500] {processor.py:161} INFO - Started process (PID=9638) to work on /home/ml-srv/ml_pr3/airflow/dags/youtube_comments_score.py
[2024-01-13T23:21:56.509+0500] {processor.py:830} INFO - Processing file /home/ml-srv/ml_pr3/airflow/dags/youtube_comments_score.py for tasks to queue
[2024-01-13T23:21:56.510+0500] {logging_mixin.py:188} INFO - [2024-01-13T23:21:56.510+0500] {dagbag.py:538} INFO - Filling up the DagBag from /home/ml-srv/ml_pr3/airflow/dags/youtube_comments_score.py
[2024-01-13T23:21:56.518+0500] {processor.py:840} INFO - DAG(s) 'youtube_comments_score' retrieved from /home/ml-srv/ml_pr3/airflow/dags/youtube_comments_score.py
[2024-01-13T23:21:56.534+0500] {logging_mixin.py:188} INFO - [2024-01-13T23:21:56.534+0500] {dag.py:3033} INFO - Sync 1 DAGs
[2024-01-13T23:21:56.542+0500] {logging_mixin.py:188} INFO - [2024-01-13T23:21:56.542+0500] {dag.py:3820} INFO - Setting next_dagrun for youtube_comments_score to None, run_after=None
[2024-01-13T23:21:56.559+0500] {processor.py:183} INFO - Processing /home/ml-srv/ml_pr3/airflow/dags/youtube_comments_score.py took 0.053 seconds
[2024-01-13T23:22:27.957+0500] {processor.py:161} INFO - Started process (PID=9990) to work on /home/ml-srv/ml_pr3/airflow/dags/youtube_comments_score.py
[2024-01-13T23:22:27.958+0500] {processor.py:830} INFO - Processing file /home/ml-srv/ml_pr3/airflow/dags/youtube_comments_score.py for tasks to queue
[2024-01-13T23:22:27.959+0500] {logging_mixin.py:188} INFO - [2024-01-13T23:22:27.958+0500] {dagbag.py:538} INFO - Filling up the DagBag from /home/ml-srv/ml_pr3/airflow/dags/youtube_comments_score.py
[2024-01-13T23:22:27.968+0500] {processor.py:840} INFO - DAG(s) 'youtube_comments_score' retrieved from /home/ml-srv/ml_pr3/airflow/dags/youtube_comments_score.py
[2024-01-13T23:22:27.983+0500] {logging_mixin.py:188} INFO - [2024-01-13T23:22:27.983+0500] {dag.py:3033} INFO - Sync 1 DAGs
[2024-01-13T23:22:27.992+0500] {logging_mixin.py:188} INFO - [2024-01-13T23:22:27.992+0500] {dag.py:3820} INFO - Setting next_dagrun for youtube_comments_score to None, run_after=None
[2024-01-13T23:22:28.008+0500] {processor.py:183} INFO - Processing /home/ml-srv/ml_pr3/airflow/dags/youtube_comments_score.py took 0.053 seconds
[2024-01-13T23:22:59.081+0500] {processor.py:161} INFO - Started process (PID=10269) to work on /home/ml-srv/ml_pr3/airflow/dags/youtube_comments_score.py
[2024-01-13T23:22:59.082+0500] {processor.py:830} INFO - Processing file /home/ml-srv/ml_pr3/airflow/dags/youtube_comments_score.py for tasks to queue
[2024-01-13T23:22:59.083+0500] {logging_mixin.py:188} INFO - [2024-01-13T23:22:59.083+0500] {dagbag.py:538} INFO - Filling up the DagBag from /home/ml-srv/ml_pr3/airflow/dags/youtube_comments_score.py
[2024-01-13T23:22:59.091+0500] {processor.py:840} INFO - DAG(s) 'youtube_comments_score' retrieved from /home/ml-srv/ml_pr3/airflow/dags/youtube_comments_score.py
[2024-01-13T23:22:59.106+0500] {logging_mixin.py:188} INFO - [2024-01-13T23:22:59.106+0500] {dag.py:3033} INFO - Sync 1 DAGs
[2024-01-13T23:22:59.115+0500] {logging_mixin.py:188} INFO - [2024-01-13T23:22:59.115+0500] {dag.py:3820} INFO - Setting next_dagrun for youtube_comments_score to None, run_after=None
[2024-01-13T23:22:59.130+0500] {processor.py:183} INFO - Processing /home/ml-srv/ml_pr3/airflow/dags/youtube_comments_score.py took 0.051 seconds
[2024-01-13T23:23:29.197+0500] {processor.py:161} INFO - Started process (PID=10470) to work on /home/ml-srv/ml_pr3/airflow/dags/youtube_comments_score.py
[2024-01-13T23:23:29.198+0500] {processor.py:830} INFO - Processing file /home/ml-srv/ml_pr3/airflow/dags/youtube_comments_score.py for tasks to queue
[2024-01-13T23:23:29.199+0500] {logging_mixin.py:188} INFO - [2024-01-13T23:23:29.198+0500] {dagbag.py:538} INFO - Filling up the DagBag from /home/ml-srv/ml_pr3/airflow/dags/youtube_comments_score.py
[2024-01-13T23:23:29.206+0500] {processor.py:840} INFO - DAG(s) 'youtube_comments_score' retrieved from /home/ml-srv/ml_pr3/airflow/dags/youtube_comments_score.py
[2024-01-13T23:23:29.223+0500] {logging_mixin.py:188} INFO - [2024-01-13T23:23:29.223+0500] {dag.py:3033} INFO - Sync 1 DAGs
[2024-01-13T23:23:29.230+0500] {logging_mixin.py:188} INFO - [2024-01-13T23:23:29.230+0500] {dag.py:3820} INFO - Setting next_dagrun for youtube_comments_score to None, run_after=None
[2024-01-13T23:23:29.244+0500] {processor.py:183} INFO - Processing /home/ml-srv/ml_pr3/airflow/dags/youtube_comments_score.py took 0.049 seconds
[2024-01-13T23:23:59.321+0500] {processor.py:161} INFO - Started process (PID=10760) to work on /home/ml-srv/ml_pr3/airflow/dags/youtube_comments_score.py
[2024-01-13T23:23:59.322+0500] {processor.py:830} INFO - Processing file /home/ml-srv/ml_pr3/airflow/dags/youtube_comments_score.py for tasks to queue
[2024-01-13T23:23:59.323+0500] {logging_mixin.py:188} INFO - [2024-01-13T23:23:59.322+0500] {dagbag.py:538} INFO - Filling up the DagBag from /home/ml-srv/ml_pr3/airflow/dags/youtube_comments_score.py
[2024-01-13T23:23:59.332+0500] {processor.py:840} INFO - DAG(s) 'youtube_comments_score' retrieved from /home/ml-srv/ml_pr3/airflow/dags/youtube_comments_score.py
[2024-01-13T23:23:59.347+0500] {logging_mixin.py:188} INFO - [2024-01-13T23:23:59.347+0500] {dag.py:3033} INFO - Sync 1 DAGs
[2024-01-13T23:23:59.354+0500] {logging_mixin.py:188} INFO - [2024-01-13T23:23:59.354+0500] {dag.py:3820} INFO - Setting next_dagrun for youtube_comments_score to None, run_after=None
[2024-01-13T23:23:59.368+0500] {processor.py:183} INFO - Processing /home/ml-srv/ml_pr3/airflow/dags/youtube_comments_score.py took 0.049 seconds
[2024-01-13T23:24:29.432+0500] {processor.py:161} INFO - Started process (PID=11091) to work on /home/ml-srv/ml_pr3/airflow/dags/youtube_comments_score.py
[2024-01-13T23:24:29.433+0500] {processor.py:830} INFO - Processing file /home/ml-srv/ml_pr3/airflow/dags/youtube_comments_score.py for tasks to queue
[2024-01-13T23:24:29.434+0500] {logging_mixin.py:188} INFO - [2024-01-13T23:24:29.434+0500] {dagbag.py:538} INFO - Filling up the DagBag from /home/ml-srv/ml_pr3/airflow/dags/youtube_comments_score.py
[2024-01-13T23:24:29.442+0500] {processor.py:840} INFO - DAG(s) 'youtube_comments_score' retrieved from /home/ml-srv/ml_pr3/airflow/dags/youtube_comments_score.py
[2024-01-13T23:24:29.459+0500] {logging_mixin.py:188} INFO - [2024-01-13T23:24:29.458+0500] {dag.py:3033} INFO - Sync 1 DAGs
[2024-01-13T23:24:29.467+0500] {logging_mixin.py:188} INFO - [2024-01-13T23:24:29.467+0500] {dag.py:3820} INFO - Setting next_dagrun for youtube_comments_score to None, run_after=None
[2024-01-13T23:24:29.486+0500] {processor.py:183} INFO - Processing /home/ml-srv/ml_pr3/airflow/dags/youtube_comments_score.py took 0.056 seconds
[2024-01-13T23:24:59.544+0500] {processor.py:161} INFO - Started process (PID=11381) to work on /home/ml-srv/ml_pr3/airflow/dags/youtube_comments_score.py
[2024-01-13T23:24:59.545+0500] {processor.py:830} INFO - Processing file /home/ml-srv/ml_pr3/airflow/dags/youtube_comments_score.py for tasks to queue
[2024-01-13T23:24:59.546+0500] {logging_mixin.py:188} INFO - [2024-01-13T23:24:59.545+0500] {dagbag.py:538} INFO - Filling up the DagBag from /home/ml-srv/ml_pr3/airflow/dags/youtube_comments_score.py
[2024-01-13T23:24:59.554+0500] {processor.py:840} INFO - DAG(s) 'youtube_comments_score' retrieved from /home/ml-srv/ml_pr3/airflow/dags/youtube_comments_score.py
[2024-01-13T23:24:59.572+0500] {logging_mixin.py:188} INFO - [2024-01-13T23:24:59.572+0500] {dag.py:3033} INFO - Sync 1 DAGs
[2024-01-13T23:24:59.580+0500] {logging_mixin.py:188} INFO - [2024-01-13T23:24:59.579+0500] {dag.py:3820} INFO - Setting next_dagrun for youtube_comments_score to None, run_after=None
[2024-01-13T23:24:59.595+0500] {processor.py:183} INFO - Processing /home/ml-srv/ml_pr3/airflow/dags/youtube_comments_score.py took 0.053 seconds
[2024-01-13T23:25:29.652+0500] {processor.py:161} INFO - Started process (PID=11469) to work on /home/ml-srv/ml_pr3/airflow/dags/youtube_comments_score.py
[2024-01-13T23:25:29.653+0500] {processor.py:830} INFO - Processing file /home/ml-srv/ml_pr3/airflow/dags/youtube_comments_score.py for tasks to queue
[2024-01-13T23:25:29.653+0500] {logging_mixin.py:188} INFO - [2024-01-13T23:25:29.653+0500] {dagbag.py:538} INFO - Filling up the DagBag from /home/ml-srv/ml_pr3/airflow/dags/youtube_comments_score.py
[2024-01-13T23:25:29.662+0500] {processor.py:840} INFO - DAG(s) 'youtube_comments_score' retrieved from /home/ml-srv/ml_pr3/airflow/dags/youtube_comments_score.py
[2024-01-13T23:25:29.678+0500] {logging_mixin.py:188} INFO - [2024-01-13T23:25:29.678+0500] {dag.py:3033} INFO - Sync 1 DAGs
[2024-01-13T23:25:29.685+0500] {logging_mixin.py:188} INFO - [2024-01-13T23:25:29.685+0500] {dag.py:3820} INFO - Setting next_dagrun for youtube_comments_score to None, run_after=None
[2024-01-13T23:25:29.700+0500] {processor.py:183} INFO - Processing /home/ml-srv/ml_pr3/airflow/dags/youtube_comments_score.py took 0.050 seconds
[2024-01-13T23:25:59.762+0500] {processor.py:161} INFO - Started process (PID=11475) to work on /home/ml-srv/ml_pr3/airflow/dags/youtube_comments_score.py
[2024-01-13T23:25:59.763+0500] {processor.py:830} INFO - Processing file /home/ml-srv/ml_pr3/airflow/dags/youtube_comments_score.py for tasks to queue
[2024-01-13T23:25:59.763+0500] {logging_mixin.py:188} INFO - [2024-01-13T23:25:59.763+0500] {dagbag.py:538} INFO - Filling up the DagBag from /home/ml-srv/ml_pr3/airflow/dags/youtube_comments_score.py
[2024-01-13T23:25:59.771+0500] {processor.py:840} INFO - DAG(s) 'youtube_comments_score' retrieved from /home/ml-srv/ml_pr3/airflow/dags/youtube_comments_score.py
[2024-01-13T23:25:59.786+0500] {logging_mixin.py:188} INFO - [2024-01-13T23:25:59.786+0500] {dag.py:3033} INFO - Sync 1 DAGs
[2024-01-13T23:25:59.793+0500] {logging_mixin.py:188} INFO - [2024-01-13T23:25:59.793+0500] {dag.py:3820} INFO - Setting next_dagrun for youtube_comments_score to None, run_after=None
[2024-01-13T23:25:59.807+0500] {processor.py:183} INFO - Processing /home/ml-srv/ml_pr3/airflow/dags/youtube_comments_score.py took 0.047 seconds
[2024-01-13T23:26:29.867+0500] {processor.py:161} INFO - Started process (PID=11490) to work on /home/ml-srv/ml_pr3/airflow/dags/youtube_comments_score.py
[2024-01-13T23:26:29.868+0500] {processor.py:830} INFO - Processing file /home/ml-srv/ml_pr3/airflow/dags/youtube_comments_score.py for tasks to queue
[2024-01-13T23:26:29.869+0500] {logging_mixin.py:188} INFO - [2024-01-13T23:26:29.868+0500] {dagbag.py:538} INFO - Filling up the DagBag from /home/ml-srv/ml_pr3/airflow/dags/youtube_comments_score.py
[2024-01-13T23:26:29.876+0500] {processor.py:840} INFO - DAG(s) 'youtube_comments_score' retrieved from /home/ml-srv/ml_pr3/airflow/dags/youtube_comments_score.py
[2024-01-13T23:26:29.892+0500] {logging_mixin.py:188} INFO - [2024-01-13T23:26:29.892+0500] {dag.py:3033} INFO - Sync 1 DAGs
[2024-01-13T23:26:29.899+0500] {logging_mixin.py:188} INFO - [2024-01-13T23:26:29.899+0500] {dag.py:3820} INFO - Setting next_dagrun for youtube_comments_score to None, run_after=None
[2024-01-13T23:26:29.913+0500] {processor.py:183} INFO - Processing /home/ml-srv/ml_pr3/airflow/dags/youtube_comments_score.py took 0.049 seconds
[2024-01-13T23:26:59.977+0500] {processor.py:161} INFO - Started process (PID=11526) to work on /home/ml-srv/ml_pr3/airflow/dags/youtube_comments_score.py
[2024-01-13T23:26:59.978+0500] {processor.py:830} INFO - Processing file /home/ml-srv/ml_pr3/airflow/dags/youtube_comments_score.py for tasks to queue
[2024-01-13T23:26:59.979+0500] {logging_mixin.py:188} INFO - [2024-01-13T23:26:59.978+0500] {dagbag.py:538} INFO - Filling up the DagBag from /home/ml-srv/ml_pr3/airflow/dags/youtube_comments_score.py
[2024-01-13T23:26:59.986+0500] {processor.py:840} INFO - DAG(s) 'youtube_comments_score' retrieved from /home/ml-srv/ml_pr3/airflow/dags/youtube_comments_score.py
[2024-01-13T23:27:00.001+0500] {logging_mixin.py:188} INFO - [2024-01-13T23:27:00.001+0500] {dag.py:3033} INFO - Sync 1 DAGs
[2024-01-13T23:27:00.010+0500] {logging_mixin.py:188} INFO - [2024-01-13T23:27:00.009+0500] {dag.py:3820} INFO - Setting next_dagrun for youtube_comments_score to None, run_after=None
[2024-01-13T23:27:00.024+0500] {processor.py:183} INFO - Processing /home/ml-srv/ml_pr3/airflow/dags/youtube_comments_score.py took 0.049 seconds
[2024-01-13T23:27:32.321+0500] {processor.py:161} INFO - Started process (PID=11638) to work on /home/ml-srv/ml_pr3/airflow/dags/youtube_comments_score.py
[2024-01-13T23:27:32.322+0500] {processor.py:830} INFO - Processing file /home/ml-srv/ml_pr3/airflow/dags/youtube_comments_score.py for tasks to queue
[2024-01-13T23:27:32.323+0500] {logging_mixin.py:188} INFO - [2024-01-13T23:27:32.322+0500] {dagbag.py:538} INFO - Filling up the DagBag from /home/ml-srv/ml_pr3/airflow/dags/youtube_comments_score.py
[2024-01-13T23:27:32.334+0500] {processor.py:840} INFO - DAG(s) 'youtube_comments_score' retrieved from /home/ml-srv/ml_pr3/airflow/dags/youtube_comments_score.py
[2024-01-13T23:27:32.354+0500] {logging_mixin.py:188} INFO - [2024-01-13T23:27:32.353+0500] {dag.py:3033} INFO - Sync 1 DAGs
[2024-01-13T23:27:32.362+0500] {logging_mixin.py:188} INFO - [2024-01-13T23:27:32.362+0500] {dag.py:3820} INFO - Setting next_dagrun for youtube_comments_score to None, run_after=None
[2024-01-13T23:27:32.379+0500] {processor.py:183} INFO - Processing /home/ml-srv/ml_pr3/airflow/dags/youtube_comments_score.py took 0.060 seconds
[2024-01-13T23:28:02.483+0500] {processor.py:161} INFO - Started process (PID=11668) to work on /home/ml-srv/ml_pr3/airflow/dags/youtube_comments_score.py
[2024-01-13T23:28:02.484+0500] {processor.py:830} INFO - Processing file /home/ml-srv/ml_pr3/airflow/dags/youtube_comments_score.py for tasks to queue
[2024-01-13T23:28:02.485+0500] {logging_mixin.py:188} INFO - [2024-01-13T23:28:02.485+0500] {dagbag.py:538} INFO - Filling up the DagBag from /home/ml-srv/ml_pr3/airflow/dags/youtube_comments_score.py
[2024-01-13T23:28:02.493+0500] {processor.py:840} INFO - DAG(s) 'youtube_comments_score' retrieved from /home/ml-srv/ml_pr3/airflow/dags/youtube_comments_score.py
[2024-01-13T23:28:02.508+0500] {logging_mixin.py:188} INFO - [2024-01-13T23:28:02.508+0500] {dag.py:3033} INFO - Sync 1 DAGs
[2024-01-13T23:28:02.516+0500] {logging_mixin.py:188} INFO - [2024-01-13T23:28:02.516+0500] {dag.py:3820} INFO - Setting next_dagrun for youtube_comments_score to None, run_after=None
[2024-01-13T23:28:02.532+0500] {processor.py:183} INFO - Processing /home/ml-srv/ml_pr3/airflow/dags/youtube_comments_score.py took 0.051 seconds
[2024-01-13T23:28:32.781+0500] {processor.py:161} INFO - Started process (PID=11672) to work on /home/ml-srv/ml_pr3/airflow/dags/youtube_comments_score.py
[2024-01-13T23:28:32.782+0500] {processor.py:830} INFO - Processing file /home/ml-srv/ml_pr3/airflow/dags/youtube_comments_score.py for tasks to queue
[2024-01-13T23:28:32.783+0500] {logging_mixin.py:188} INFO - [2024-01-13T23:28:32.782+0500] {dagbag.py:538} INFO - Filling up the DagBag from /home/ml-srv/ml_pr3/airflow/dags/youtube_comments_score.py
[2024-01-13T23:28:32.791+0500] {processor.py:840} INFO - DAG(s) 'youtube_comments_score' retrieved from /home/ml-srv/ml_pr3/airflow/dags/youtube_comments_score.py
[2024-01-13T23:28:32.806+0500] {logging_mixin.py:188} INFO - [2024-01-13T23:28:32.806+0500] {dag.py:3033} INFO - Sync 1 DAGs
[2024-01-13T23:28:32.813+0500] {logging_mixin.py:188} INFO - [2024-01-13T23:28:32.813+0500] {dag.py:3820} INFO - Setting next_dagrun for youtube_comments_score to None, run_after=None
[2024-01-13T23:28:32.828+0500] {processor.py:183} INFO - Processing /home/ml-srv/ml_pr3/airflow/dags/youtube_comments_score.py took 0.049 seconds
                                                                                                                                                                                                                                                                                                                                                                                                                                                                                                                                                                                                                                                                                                                                                                                                                                                                                                                                                                                                                                                                                                                                                                     