[2024-01-14T16:54:39.045+0500] {taskinstance.py:1957} INFO - Dependencies all met for dep_context=non-requeueable deps ti=<TaskInstance: youtube_comments_score.train_model manual__2024-01-14T11:53:46.835512+00:00 [queued]>
[2024-01-14T16:54:39.049+0500] {taskinstance.py:1957} INFO - Dependencies all met for dep_context=requeueable deps ti=<TaskInstance: youtube_comments_score.train_model manual__2024-01-14T11:53:46.835512+00:00 [queued]>
[2024-01-14T16:54:39.050+0500] {taskinstance.py:2171} INFO - Starting attempt 1 of 2
[2024-01-14T16:54:39.060+0500] {taskinstance.py:2192} INFO - Executing <Task(BashOperator): train_model> on 2024-01-14 11:53:46.835512+00:00
[2024-01-14T16:54:39.062+0500] {standard_task_runner.py:60} INFO - Started process 13922 to run task
[2024-01-14T16:54:39.065+0500] {standard_task_runner.py:87} INFO - Running: ['airflow', 'tasks', 'run', 'youtube_comments_score', 'train_model', 'manual__2024-01-14T11:53:46.835512+00:00', '--job-id', '47', '--raw', '--subdir', 'DAGS_FOLDER/youtube_comments_score.py', '--cfg-path', '/tmp/tmpd_7rnzyt']
[2024-01-14T16:54:39.066+0500] {standard_task_runner.py:88} INFO - Job 47: Subtask train_model
[2024-01-14T16:54:39.089+0500] {task_command.py:423} INFO - Running <TaskInstance: youtube_comments_score.train_model manual__2024-01-14T11:53:46.835512+00:00 [running]> on host ubuntu
[2024-01-14T16:54:39.125+0500] {taskinstance.py:2481} INFO - Exporting env vars: AIRFLOW_CTX_DAG_OWNER='airflow' AIRFLOW_CTX_DAG_ID='youtube_comments_score' AIRFLOW_CTX_TASK_ID='train_model' AIRFLOW_CTX_EXECUTION_DATE='2024-01-14T11:53:46.835512+00:00' AIRFLOW_CTX_TRY_NUMBER='1' AIRFLOW_CTX_DAG_RUN_ID='manual__2024-01-14T11:53:46.835512+00:00'
[2024-01-14T16:54:39.125+0500] {subprocess.py:63} INFO - Tmp dir root location: /tmp
[2024-01-14T16:54:39.126+0500] {subprocess.py:75} INFO - Running command: ['/usr/bin/bash', '-c', 'python3 /home/ml-srv/ml_pr3/scripts/train_model.py']
[2024-01-14T16:54:39.131+0500] {subprocess.py:86} INFO - Output:
[2024-01-14T16:54:40.111+0500] {subprocess.py:93} INFO - 2024/01/14 16:54:40 INFO mlflow.tracking.fluent: Experiment with name 'train_model' does not exist. Creating a new experiment.
[2024-01-14T16:54:42.395+0500] {subprocess.py:93} INFO - Successfully registered model 'lr'.
[2024-01-14T16:54:42.419+0500] {subprocess.py:93} INFO - 2024/01/14 16:54:42 INFO mlflow.store.model_registry.abstract_store: Waiting up to 300 seconds for model version to finish creation. Model name: lr, version 1
[2024-01-14T16:54:42.419+0500] {subprocess.py:93} INFO - Created version '1' of model 'lr'.
[2024-01-14T16:54:42.733+0500] {subprocess.py:97} INFO - Command exited with return code 0
[2024-01-14T16:54:42.743+0500] {taskinstance.py:1138} INFO - Marking task as SUCCESS. dag_id=youtube_comments_score, task_id=train_model, execution_date=20240114T115346, start_date=20240114T115439, end_date=20240114T115442
[2024-01-14T16:54:42.761+0500] {local_task_job_runner.py:234} INFO - Task exited with return code 0
[2024-01-14T16:54:42.770+0500] {taskinstance.py:3281} INFO - 1 downstream tasks scheduled from follow-on schedule check
