[2024-01-14T16:11:04.813+0500] {processor.py:161} INFO - Started process (PID=4274) to work on /home/ml-srv/ml_pr3/airflow/dags/youtube_comments_score.py
[2024-01-14T16:11:04.815+0500] {processor.py:830} INFO - Processing file /home/ml-srv/ml_pr3/airflow/dags/youtube_comments_score.py for tasks to queue
[2024-01-14T16:11:04.818+0500] {logging_mixin.py:188} INFO - [2024-01-14T16:11:04.816+0500] {dagbag.py:538} INFO - Filling up the DagBag from /home/ml-srv/ml_pr3/airflow/dags/youtube_comments_score.py
[2024-01-14T16:11:04.848+0500] {processor.py:840} INFO - DAG(s) 'youtube_comments_score' retrieved from /home/ml-srv/ml_pr3/airflow/dags/youtube_comments_score.py
[2024-01-14T16:11:04.918+0500] {logging_mixin.py:188} INFO - [2024-01-14T16:11:04.918+0500] {dag.py:3033} INFO - Sync 1 DAGs
[2024-01-14T16:11:04.945+0500] {logging_mixin.py:188} INFO - [2024-01-14T16:11:04.944+0500] {dag.py:3820} INFO - Setting next_dagrun for youtube_comments_score to None, run_after=None
[2024-01-14T16:11:04.976+0500] {processor.py:183} INFO - Processing /home/ml-srv/ml_pr3/airflow/dags/youtube_comments_score.py took 0.174 seconds
[2024-01-14T16:11:35.966+0500] {processor.py:161} INFO - Started process (PID=4565) to work on /home/ml-srv/ml_pr3/airflow/dags/youtube_comments_score.py
[2024-01-14T16:11:35.969+0500] {processor.py:830} INFO - Processing file /home/ml-srv/ml_pr3/airflow/dags/youtube_comments_score.py for tasks to queue
[2024-01-14T16:11:35.971+0500] {logging_mixin.py:188} INFO - [2024-01-14T16:11:35.970+0500] {dagbag.py:538} INFO - Filling up the DagBag from /home/ml-srv/ml_pr3/airflow/dags/youtube_comments_score.py
[2024-01-14T16:11:36.003+0500] {processor.py:840} INFO - DAG(s) 'youtube_comments_score' retrieved from /home/ml-srv/ml_pr3/airflow/dags/youtube_comments_score.py
[2024-01-14T16:11:36.058+0500] {logging_mixin.py:188} INFO - [2024-01-14T16:11:36.058+0500] {dag.py:3033} INFO - Sync 1 DAGs
[2024-01-14T16:11:36.084+0500] {logging_mixin.py:188} INFO - [2024-01-14T16:11:36.084+0500] {dag.py:3820} INFO - Setting next_dagrun for youtube_comments_score to None, run_after=None
[2024-01-14T16:11:36.109+0500] {processor.py:183} INFO - Processing /home/ml-srv/ml_pr3/airflow/dags/youtube_comments_score.py took 0.156 seconds
[2024-01-14T16:12:07.198+0500] {processor.py:161} INFO - Started process (PID=4689) to work on /home/ml-srv/ml_pr3/airflow/dags/youtube_comments_score.py
[2024-01-14T16:12:07.201+0500] {processor.py:830} INFO - Processing file /home/ml-srv/ml_pr3/airflow/dags/youtube_comments_score.py for tasks to queue
[2024-01-14T16:12:07.203+0500] {logging_mixin.py:188} INFO - [2024-01-14T16:12:07.203+0500] {dagbag.py:538} INFO - Filling up the DagBag from /home/ml-srv/ml_pr3/airflow/dags/youtube_comments_score.py
[2024-01-14T16:12:07.234+0500] {processor.py:840} INFO - DAG(s) 'youtube_comments_score' retrieved from /home/ml-srv/ml_pr3/airflow/dags/youtube_comments_score.py
[2024-01-14T16:12:07.291+0500] {logging_mixin.py:188} INFO - [2024-01-14T16:12:07.291+0500] {dag.py:3033} INFO - Sync 1 DAGs
[2024-01-14T16:12:07.309+0500] {logging_mixin.py:188} INFO - [2024-01-14T16:12:07.309+0500] {dag.py:3820} INFO - Setting next_dagrun for youtube_comments_score to None, run_after=None
[2024-01-14T16:12:07.332+0500] {processor.py:183} INFO - Processing /home/ml-srv/ml_pr3/airflow/dags/youtube_comments_score.py took 0.144 seconds
[2024-01-14T16:12:38.415+0500] {processor.py:161} INFO - Started process (PID=4711) to work on /home/ml-srv/ml_pr3/airflow/dags/youtube_comments_score.py
[2024-01-14T16:12:38.418+0500] {processor.py:830} INFO - Processing file /home/ml-srv/ml_pr3/airflow/dags/youtube_comments_score.py for tasks to queue
[2024-01-14T16:12:38.420+0500] {logging_mixin.py:188} INFO - [2024-01-14T16:12:38.419+0500] {dagbag.py:538} INFO - Filling up the DagBag from /home/ml-srv/ml_pr3/airflow/dags/youtube_comments_score.py
[2024-01-14T16:12:38.451+0500] {processor.py:840} INFO - DAG(s) 'youtube_comments_score' retrieved from /home/ml-srv/ml_pr3/airflow/dags/youtube_comments_score.py
[2024-01-14T16:12:38.505+0500] {logging_mixin.py:188} INFO - [2024-01-14T16:12:38.505+0500] {dag.py:3033} INFO - Sync 1 DAGs
[2024-01-14T16:12:38.524+0500] {logging_mixin.py:188} INFO - [2024-01-14T16:12:38.524+0500] {dag.py:3820} INFO - Setting next_dagrun for youtube_comments_score to None, run_after=None
[2024-01-14T16:12:38.547+0500] {processor.py:183} INFO - Processing /home/ml-srv/ml_pr3/airflow/dags/youtube_comments_score.py took 0.143 seconds
[2024-01-14T16:13:09.619+0500] {processor.py:161} INFO - Started process (PID=4824) to work on /home/ml-srv/ml_pr3/airflow/dags/youtube_comments_score.py
[2024-01-14T16:13:09.620+0500] {processor.py:830} INFO - Processing file /home/ml-srv/ml_pr3/airflow/dags/youtube_comments_score.py for tasks to queue
[2024-01-14T16:13:09.621+0500] {logging_mixin.py:188} INFO - [2024-01-14T16:13:09.621+0500] {dagbag.py:538} INFO - Filling up the DagBag from /home/ml-srv/ml_pr3/airflow/dags/youtube_comments_score.py
[2024-01-14T16:13:09.629+0500] {processor.py:840} INFO - DAG(s) 'youtube_comments_score' retrieved from /home/ml-srv/ml_pr3/airflow/dags/youtube_comments_score.py
[2024-01-14T16:13:09.645+0500] {logging_mixin.py:188} INFO - [2024-01-14T16:13:09.644+0500] {dag.py:3033} INFO - Sync 1 DAGs
[2024-01-14T16:13:09.652+0500] {logging_mixin.py:188} INFO - [2024-01-14T16:13:09.652+0500] {dag.py:3820} INFO - Setting next_dagrun for youtube_comments_score to None, run_after=None
[2024-01-14T16:13:09.670+0500] {processor.py:183} INFO - Processing /home/ml-srv/ml_pr3/airflow/dags/youtube_comments_score.py took 0.053 seconds
[2024-01-14T16:13:39.806+0500] {processor.py:161} INFO - Started process (PID=4917) to work on /home/ml-srv/ml_pr3/airflow/dags/youtube_comments_score.py
[2024-01-14T16:13:39.807+0500] {processor.py:830} INFO - Processing file /home/ml-srv/ml_pr3/airflow/dags/youtube_comments_score.py for tasks to queue
[2024-01-14T16:13:39.808+0500] {logging_mixin.py:188} INFO - [2024-01-14T16:13:39.807+0500] {dagbag.py:538} INFO - Filling up the DagBag from /home/ml-srv/ml_pr3/airflow/dags/youtube_comments_score.py
[2024-01-14T16:13:39.816+0500] {processor.py:840} INFO - DAG(s) 'youtube_comments_score' retrieved from /home/ml-srv/ml_pr3/airflow/dags/youtube_comments_score.py
[2024-01-14T16:13:39.831+0500] {logging_mixin.py:188} INFO - [2024-01-14T16:13:39.831+0500] {dag.py:3033} INFO - Sync 1 DAGs
[2024-01-14T16:13:39.839+0500] {logging_mixin.py:188} INFO - [2024-01-14T16:13:39.839+0500] {dag.py:3820} INFO - Setting next_dagrun for youtube_comments_score to None, run_after=None
[2024-01-14T16:13:39.853+0500] {processor.py:183} INFO - Processing /home/ml-srv/ml_pr3/airflow/dags/youtube_comments_score.py took 0.049 seconds
[2024-01-14T16:14:10.001+0500] {processor.py:161} INFO - Started process (PID=4921) to work on /home/ml-srv/ml_pr3/airflow/dags/youtube_comments_score.py
[2024-01-14T16:14:10.003+0500] {processor.py:830} INFO - Processing file /home/ml-srv/ml_pr3/airflow/dags/youtube_comments_score.py for tasks to queue
[2024-01-14T16:14:10.004+0500] {logging_mixin.py:188} INFO - [2024-01-14T16:14:10.003+0500] {dagbag.py:538} INFO - Filling up the DagBag from /home/ml-srv/ml_pr3/airflow/dags/youtube_comments_score.py
[2024-01-14T16:14:10.012+0500] {processor.py:840} INFO - DAG(s) 'youtube_comments_score' retrieved from /home/ml-srv/ml_pr3/airflow/dags/youtube_comments_score.py
[2024-01-14T16:14:10.027+0500] {logging_mixin.py:188} INFO - [2024-01-14T16:14:10.027+0500] {dag.py:3033} INFO - Sync 1 DAGs
[2024-01-14T16:14:10.035+0500] {logging_mixin.py:188} INFO - [2024-01-14T16:14:10.035+0500] {dag.py:3820} INFO - Setting next_dagrun for youtube_comments_score to None, run_after=None
[2024-01-14T16:14:10.054+0500] {processor.py:183} INFO - Processing /home/ml-srv/ml_pr3/airflow/dags/youtube_comments_score.py took 0.054 seconds
[2024-01-14T16:14:40.194+0500] {processor.py:161} INFO - Started process (PID=4943) to work on /home/ml-srv/ml_pr3/airflow/dags/youtube_comments_score.py
[2024-01-14T16:14:40.195+0500] {processor.py:830} INFO - Processing file /home/ml-srv/ml_pr3/airflow/dags/youtube_comments_score.py for tasks to queue
[2024-01-14T16:14:40.196+0500] {logging_mixin.py:188} INFO - [2024-01-14T16:14:40.196+0500] {dagbag.py:538} INFO - Filling up the DagBag from /home/ml-srv/ml_pr3/airflow/dags/youtube_comments_score.py
[2024-01-14T16:14:40.204+0500] {processor.py:840} INFO - DAG(s) 'youtube_comments_score' retrieved from /home/ml-srv/ml_pr3/airflow/dags/youtube_comments_score.py
[2024-01-14T16:14:40.219+0500] {logging_mixin.py:188} INFO - [2024-01-14T16:14:40.219+0500] {dag.py:3033} INFO - Sync 1 DAGs
[2024-01-14T16:14:40.227+0500] {logging_mixin.py:188} INFO - [2024-01-14T16:14:40.227+0500] {dag.py:3820} INFO - Setting next_dagrun for youtube_comments_score to None, run_after=None
[2024-01-14T16:14:40.242+0500] {processor.py:183} INFO - Processing /home/ml-srv/ml_pr3/airflow/dags/youtube_comments_score.py took 0.050 seconds
[2024-01-14T16:15:10.420+0500] {processor.py:161} INFO - Started process (PID=5094) to work on /home/ml-srv/ml_pr3/airflow/dags/youtube_comments_score.py
[2024-01-14T16:15:10.421+0500] {processor.py:830} INFO - Processing file /home/ml-srv/ml_pr3/airflow/dags/youtube_comments_score.py for tasks to queue
[2024-01-14T16:15:10.422+0500] {logging_mixin.py:188} INFO - [2024-01-14T16:15:10.422+0500] {dagbag.py:538} INFO - Filling up the DagBag from /home/ml-srv/ml_pr3/airflow/dags/youtube_comments_score.py
[2024-01-14T16:15:10.430+0500] {processor.py:840} INFO - DAG(s) 'youtube_comments_score' retrieved from /home/ml-srv/ml_pr3/airflow/dags/youtube_comments_score.py
[2024-01-14T16:15:10.445+0500] {logging_mixin.py:188} INFO - [2024-01-14T16:15:10.445+0500] {dag.py:3033} INFO - Sync 1 DAGs
[2024-01-14T16:15:10.452+0500] {logging_mixin.py:188} INFO - [2024-01-14T16:15:10.452+0500] {dag.py:3820} INFO - Setting next_dagrun for youtube_comments_score to None, run_after=None
[2024-01-14T16:15:10.466+0500] {processor.py:183} INFO - Processing /home/ml-srv/ml_pr3/airflow/dags/youtube_comments_score.py took 0.048 seconds
[2024-01-14T16:15:40.605+0500] {processor.py:161} INFO - Started process (PID=5188) to work on /home/ml-srv/ml_pr3/airflow/dags/youtube_comments_score.py
[2024-01-14T16:15:40.606+0500] {processor.py:830} INFO - Processing file /home/ml-srv/ml_pr3/airflow/dags/youtube_comments_score.py for tasks to queue
[2024-01-14T16:15:40.606+0500] {logging_mixin.py:188} INFO - [2024-01-14T16:15:40.606+0500] {dagbag.py:538} INFO - Filling up the DagBag from /home/ml-srv/ml_pr3/airflow/dags/youtube_comments_score.py
[2024-01-14T16:15:40.614+0500] {processor.py:840} INFO - DAG(s) 'youtube_comments_score' retrieved from /home/ml-srv/ml_pr3/airflow/dags/youtube_comments_score.py
[2024-01-14T16:15:40.629+0500] {logging_mixin.py:188} INFO - [2024-01-14T16:15:40.629+0500] {dag.py:3033} INFO - Sync 1 DAGs
[2024-01-14T16:15:40.638+0500] {logging_mixin.py:188} INFO - [2024-01-14T16:15:40.638+0500] {dag.py:3820} INFO - Setting next_dagrun for youtube_comments_score to None, run_after=None
[2024-01-14T16:15:40.655+0500] {processor.py:183} INFO - Processing /home/ml-srv/ml_pr3/airflow/dags/youtube_comments_score.py took 0.052 seconds
[2024-01-14T16:16:10.795+0500] {processor.py:161} INFO - Started process (PID=5254) to work on /home/ml-srv/ml_pr3/airflow/dags/youtube_comments_score.py
[2024-01-14T16:16:10.796+0500] {processor.py:830} INFO - Processing file /home/ml-srv/ml_pr3/airflow/dags/youtube_comments_score.py for tasks to queue
[2024-01-14T16:16:10.796+0500] {logging_mixin.py:188} INFO - [2024-01-14T16:16:10.796+0500] {dagbag.py:538} INFO - Filling up the DagBag from /home/ml-srv/ml_pr3/airflow/dags/youtube_comments_score.py
[2024-01-14T16:16:10.805+0500] {processor.py:840} INFO - DAG(s) 'youtube_comments_score' retrieved from /home/ml-srv/ml_pr3/airflow/dags/youtube_comments_score.py
[2024-01-14T16:16:10.821+0500] {logging_mixin.py:188} INFO - [2024-01-14T16:16:10.821+0500] {dag.py:3033} INFO - Sync 1 DAGs
[2024-01-14T16:16:10.829+0500] {logging_mixin.py:188} INFO - [2024-01-14T16:16:10.829+0500] {dag.py:3820} INFO - Setting next_dagrun for youtube_comments_score to None, run_after=None
[2024-01-14T16:16:10.847+0500] {processor.py:183} INFO - Processing /home/ml-srv/ml_pr3/airflow/dags/youtube_comments_score.py took 0.055 seconds
[2024-01-14T16:16:40.994+0500] {processor.py:161} INFO - Started process (PID=5258) to work on /home/ml-srv/ml_pr3/airflow/dags/youtube_comments_score.py
[2024-01-14T16:16:40.995+0500] {processor.py:830} INFO - Processing file /home/ml-srv/ml_pr3/airflow/dags/youtube_comments_score.py for tasks to queue
[2024-01-14T16:16:40.996+0500] {logging_mixin.py:188} INFO - [2024-01-14T16:16:40.995+0500] {dagbag.py:538} INFO - Filling up the DagBag from /home/ml-srv/ml_pr3/airflow/dags/youtube_comments_score.py
[2024-01-14T16:16:41.005+0500] {processor.py:840} INFO - DAG(s) 'youtube_comments_score' retrieved from /home/ml-srv/ml_pr3/airflow/dags/youtube_comments_score.py
[2024-01-14T16:16:41.021+0500] {logging_mixin.py:188} INFO - [2024-01-14T16:16:41.021+0500] {dag.py:3033} INFO - Sync 1 DAGs
[2024-01-14T16:16:41.030+0500] {logging_mixin.py:188} INFO - [2024-01-14T16:16:41.029+0500] {dag.py:3820} INFO - Setting next_dagrun for youtube_comments_score to None, run_after=None
[2024-01-14T16:16:41.046+0500] {processor.py:183} INFO - Processing /home/ml-srv/ml_pr3/airflow/dags/youtube_comments_score.py took 0.054 seconds
[2024-01-14T16:17:11.203+0500] {processor.py:161} INFO - Started process (PID=5304) to work on /home/ml-srv/ml_pr3/airflow/dags/youtube_comments_score.py
[2024-01-14T16:17:11.204+0500] {processor.py:830} INFO - Processing file /home/ml-srv/ml_pr3/airflow/dags/youtube_comments_score.py for tasks to queue
[2024-01-14T16:17:11.205+0500] {logging_mixin.py:188} INFO - [2024-01-14T16:17:11.205+0500] {dagbag.py:538} INFO - Filling up the DagBag from /home/ml-srv/ml_pr3/airflow/dags/youtube_comments_score.py
[2024-01-14T16:17:11.213+0500] {processor.py:840} INFO - DAG(s) 'youtube_comments_score' retrieved from /home/ml-srv/ml_pr3/airflow/dags/youtube_comments_score.py
[2024-01-14T16:17:11.229+0500] {logging_mixin.py:188} INFO - [2024-01-14T16:17:11.229+0500] {dag.py:3033} INFO - Sync 1 DAGs
[2024-01-14T16:17:11.237+0500] {logging_mixin.py:188} INFO - [2024-01-14T16:17:11.237+0500] {dag.py:3820} INFO - Setting next_dagrun for youtube_comments_score to None, run_after=None
[2024-01-14T16:17:11.254+0500] {processor.py:183} INFO - Processing /home/ml-srv/ml_pr3/airflow/dags/youtube_comments_score.py took 0.053 seconds
[2024-01-14T16:17:41.385+0500] {processor.py:161} INFO - Started process (PID=5339) to work on /home/ml-srv/ml_pr3/airflow/dags/youtube_comments_score.py
[2024-01-14T16:17:41.386+0500] {processor.py:830} INFO - Processing file /home/ml-srv/ml_pr3/airflow/dags/youtube_comments_score.py for tasks to queue
[2024-01-14T16:17:41.387+0500] {logging_mixin.py:188} INFO - [2024-01-14T16:17:41.387+0500] {dagbag.py:538} INFO - Filling up the DagBag from /home/ml-srv/ml_pr3/airflow/dags/youtube_comments_score.py
[2024-01-14T16:17:41.395+0500] {processor.py:840} INFO - DAG(s) 'youtube_comments_score' retrieved from /home/ml-srv/ml_pr3/airflow/dags/youtube_comments_score.py
[2024-01-14T16:17:41.411+0500] {logging_mixin.py:188} INFO - [2024-01-14T16:17:41.411+0500] {dag.py:3033} INFO - Sync 1 DAGs
[2024-01-14T16:17:41.419+0500] {logging_mixin.py:188} INFO - [2024-01-14T16:17:41.419+0500] {dag.py:3820} INFO - Setting next_dagrun for youtube_comments_score to None, run_after=None
[2024-01-14T16:17:41.433+0500] {processor.py:183} INFO - Processing /home/ml-srv/ml_pr3/airflow/dags/youtube_comments_score.py took 0.050 seconds
[2024-01-14T16:18:11.579+0500] {processor.py:161} INFO - Started process (PID=5349) to work on /home/ml-srv/ml_pr3/airflow/dags/youtube_comments_score.py
[2024-01-14T16:18:11.580+0500] {processor.py:830} INFO - Processing file /home/ml-srv/ml_pr3/airflow/dags/youtube_comments_score.py for tasks to queue
[2024-01-14T16:18:11.581+0500] {logging_mixin.py:188} INFO - [2024-01-14T16:18:11.580+0500] {dagbag.py:538} INFO - Filling up the DagBag from /home/ml-srv/ml_pr3/airflow/dags/youtube_comments_score.py
[2024-01-14T16:18:11.592+0500] {processor.py:840} INFO - DAG(s) 'youtube_comments_score' retrieved from /home/ml-srv/ml_pr3/airflow/dags/youtube_comments_score.py
[2024-01-14T16:18:11.613+0500] {logging_mixin.py:188} INFO - [2024-01-14T16:18:11.613+0500] {dag.py:3033} INFO - Sync 1 DAGs
[2024-01-14T16:18:11.622+0500] {logging_mixin.py:188} INFO - [2024-01-14T16:18:11.622+0500] {dag.py:3820} INFO - Setting next_dagrun for youtube_comments_score to None, run_after=None
[2024-01-14T16:18:11.641+0500] {processor.py:183} INFO - Processing /home/ml-srv/ml_pr3/airflow/dags/youtube_comments_score.py took 0.065 seconds
[2024-01-14T16:18:41.787+0500] {processor.py:161} INFO - Started process (PID=5372) to work on /home/ml-srv/ml_pr3/airflow/dags/youtube_comments_score.py
[2024-01-14T16:18:41.788+0500] {processor.py:830} INFO - Processing file /home/ml-srv/ml_pr3/airflow/dags/youtube_comments_score.py for tasks to queue
[2024-01-14T16:18:41.789+0500] {logging_mixin.py:188} INFO - [2024-01-14T16:18:41.788+0500] {dagbag.py:538} INFO - Filling up the DagBag from /home/ml-srv/ml_pr3/airflow/dags/youtube_comments_score.py
[2024-01-14T16:18:41.796+0500] {processor.py:840} INFO - DAG(s) 'youtube_comments_score' retrieved from /home/ml-srv/ml_pr3/airflow/dags/youtube_comments_score.py
[2024-01-14T16:18:41.816+0500] {logging_mixin.py:188} INFO - [2024-01-14T16:18:41.816+0500] {dag.py:3033} INFO - Sync 1 DAGs
[2024-01-14T16:18:41.824+0500] {logging_mixin.py:188} INFO - [2024-01-14T16:18:41.823+0500] {dag.py:3820} INFO - Setting next_dagrun for youtube_comments_score to None, run_after=None
[2024-01-14T16:18:41.839+0500] {processor.py:183} INFO - Processing /home/ml-srv/ml_pr3/airflow/dags/youtube_comments_score.py took 0.054 seconds
[2024-01-14T16:19:11.977+0500] {processor.py:161} INFO - Started process (PID=5461) to work on /home/ml-srv/ml_pr3/airflow/dags/youtube_comments_score.py
[2024-01-14T16:19:11.978+0500] {processor.py:830} INFO - Processing file /home/ml-srv/ml_pr3/airflow/dags/youtube_comments_score.py for tasks to queue
[2024-01-14T16:19:11.978+0500] {logging_mixin.py:188} INFO - [2024-01-14T16:19:11.978+0500] {dagbag.py:538} INFO - Filling up the DagBag from /home/ml-srv/ml_pr3/airflow/dags/youtube_comments_score.py
[2024-01-14T16:19:11.986+0500] {processor.py:840} INFO - DAG(s) 'youtube_comments_score' retrieved from /home/ml-srv/ml_pr3/airflow/dags/youtube_comments_score.py
[2024-01-14T16:19:12.003+0500] {logging_mixin.py:188} INFO - [2024-01-14T16:19:12.002+0500] {dag.py:3033} INFO - Sync 1 DAGs
[2024-01-14T16:19:12.011+0500] {logging_mixin.py:188} INFO - [2024-01-14T16:19:12.011+0500] {dag.py:3820} INFO - Setting next_dagrun for youtube_comments_score to None, run_after=None
[2024-01-14T16:19:12.027+0500] {processor.py:183} INFO - Processing /home/ml-srv/ml_pr3/airflow/dags/youtube_comments_score.py took 0.052 seconds
[2024-01-14T16:19:42.165+0500] {processor.py:161} INFO - Started process (PID=5534) to work on /home/ml-srv/ml_pr3/airflow/dags/youtube_comments_score.py
[2024-01-14T16:19:42.166+0500] {processor.py:830} INFO - Processing file /home/ml-srv/ml_pr3/airflow/dags/youtube_comments_score.py for tasks to queue
[2024-01-14T16:19:42.167+0500] {logging_mixin.py:188} INFO - [2024-01-14T16:19:42.167+0500] {dagbag.py:538} INFO - Filling up the DagBag from /home/ml-srv/ml_pr3/airflow/dags/youtube_comments_score.py
[2024-01-14T16:19:42.190+0500] {processor.py:840} INFO - DAG(s) 'youtube_comments_score' retrieved from /home/ml-srv/ml_pr3/airflow/dags/youtube_comments_score.py
[2024-01-14T16:19:42.209+0500] {logging_mixin.py:188} INFO - [2024-01-14T16:19:42.209+0500] {dag.py:3033} INFO - Sync 1 DAGs
[2024-01-14T16:19:42.219+0500] {logging_mixin.py:188} INFO - [2024-01-14T16:19:42.219+0500] {dag.py:3820} INFO - Setting next_dagrun for youtube_comments_score to None, run_after=None
[2024-01-14T16:19:42.333+0500] {processor.py:183} INFO - Processing /home/ml-srv/ml_pr3/airflow/dags/youtube_comments_score.py took 0.170 seconds
[2024-01-14T16:20:13.284+0500] {processor.py:161} INFO - Started process (PID=5619) to work on /home/ml-srv/ml_pr3/airflow/dags/youtube_comments_score.py
[2024-01-14T16:20:13.285+0500] {processor.py:830} INFO - Processing file /home/ml-srv/ml_pr3/airflow/dags/youtube_comments_score.py for tasks to queue
[2024-01-14T16:20:13.286+0500] {logging_mixin.py:188} INFO - [2024-01-14T16:20:13.286+0500] {dagbag.py:538} INFO - Filling up the DagBag from /home/ml-srv/ml_pr3/airflow/dags/youtube_comments_score.py
[2024-01-14T16:20:13.297+0500] {processor.py:840} INFO - DAG(s) 'youtube_comments_score' retrieved from /home/ml-srv/ml_pr3/airflow/dags/youtube_comments_score.py
[2024-01-14T16:20:13.318+0500] {logging_mixin.py:188} INFO - [2024-01-14T16:20:13.318+0500] {dag.py:3033} INFO - Sync 1 DAGs
[2024-01-14T16:20:13.415+0500] {logging_mixin.py:188} INFO - [2024-01-14T16:20:13.414+0500] {dag.py:3820} INFO - Setting next_dagrun for youtube_comments_score to None, run_after=None
[2024-01-14T16:20:13.428+0500] {processor.py:183} INFO - Processing /home/ml-srv/ml_pr3/airflow/dags/youtube_comments_score.py took 0.146 seconds
[2024-01-14T16:20:43.670+0500] {processor.py:161} INFO - Started process (PID=5744) to work on /home/ml-srv/ml_pr3/airflow/dags/youtube_comments_score.py
[2024-01-14T16:20:43.671+0500] {processor.py:830} INFO - Processing file /home/ml-srv/ml_pr3/airflow/dags/youtube_comments_score.py for tasks to queue
[2024-01-14T16:20:43.671+0500] {logging_mixin.py:188} INFO - [2024-01-14T16:20:43.671+0500] {dagbag.py:538} INFO - Filling up the DagBag from /home/ml-srv/ml_pr3/airflow/dags/youtube_comments_score.py
[2024-01-14T16:20:43.681+0500] {processor.py:840} INFO - DAG(s) 'youtube_comments_score' retrieved from /home/ml-srv/ml_pr3/airflow/dags/youtube_comments_score.py
[2024-01-14T16:20:43.796+0500] {logging_mixin.py:188} INFO - [2024-01-14T16:20:43.796+0500] {dag.py:3033} INFO - Sync 1 DAGs
[2024-01-14T16:20:43.802+0500] {logging_mixin.py:188} INFO - [2024-01-14T16:20:43.802+0500] {dag.py:3820} INFO - Setting next_dagrun for youtube_comments_score to None, run_after=None
[2024-01-14T16:20:43.831+0500] {processor.py:183} INFO - Processing /home/ml-srv/ml_pr3/airflow/dags/youtube_comments_score.py took 0.164 seconds
[2024-01-14T16:21:14.067+0500] {processor.py:161} INFO - Started process (PID=5924) to work on /home/ml-srv/ml_pr3/airflow/dags/youtube_comments_score.py
[2024-01-14T16:21:14.068+0500] {processor.py:830} INFO - Processing file /home/ml-srv/ml_pr3/airflow/dags/youtube_comments_score.py for tasks to queue
[2024-01-14T16:21:14.069+0500] {logging_mixin.py:188} INFO - [2024-01-14T16:21:14.068+0500] {dagbag.py:538} INFO - Filling up the DagBag from /home/ml-srv/ml_pr3/airflow/dags/youtube_comments_score.py
[2024-01-14T16:21:14.078+0500] {processor.py:840} INFO - DAG(s) 'youtube_comments_score' retrieved from /home/ml-srv/ml_pr3/airflow/dags/youtube_comments_score.py
[2024-01-14T16:21:14.189+0500] {logging_mixin.py:188} INFO - [2024-01-14T16:21:14.189+0500] {dag.py:3033} INFO - Sync 1 DAGs
[2024-01-14T16:21:14.196+0500] {logging_mixin.py:188} INFO - [2024-01-14T16:21:14.196+0500] {dag.py:3820} INFO - Setting next_dagrun for youtube_comments_score to None, run_after=None
[2024-01-14T16:21:14.211+0500] {processor.py:183} INFO - Processing /home/ml-srv/ml_pr3/airflow/dags/youtube_comments_score.py took 0.146 seconds
[2024-01-14T16:21:44.474+0500] {processor.py:161} INFO - Started process (PID=6003) to work on /home/ml-srv/ml_pr3/airflow/dags/youtube_comments_score.py
[2024-01-14T16:21:44.474+0500] {processor.py:830} INFO - Processing file /home/ml-srv/ml_pr3/airflow/dags/youtube_comments_score.py for tasks to queue
[2024-01-14T16:21:44.475+0500] {logging_mixin.py:188} INFO - [2024-01-14T16:21:44.475+0500] {dagbag.py:538} INFO - Filling up the DagBag from /home/ml-srv/ml_pr3/airflow/dags/youtube_comments_score.py
[2024-01-14T16:21:44.485+0500] {processor.py:840} INFO - DAG(s) 'youtube_comments_score' retrieved from /home/ml-srv/ml_pr3/airflow/dags/youtube_comments_score.py
[2024-01-14T16:21:44.503+0500] {logging_mixin.py:188} INFO - [2024-01-14T16:21:44.502+0500] {dag.py:3033} INFO - Sync 1 DAGs
[2024-01-14T16:21:44.511+0500] {logging_mixin.py:188} INFO - [2024-01-14T16:21:44.511+0500] {dag.py:3820} INFO - Setting next_dagrun for youtube_comments_score to None, run_after=None
[2024-01-14T16:21:44.528+0500] {processor.py:183} INFO - Processing /home/ml-srv/ml_pr3/airflow/dags/youtube_comments_score.py took 0.056 seconds
[2024-01-14T16:22:14.766+0500] {processor.py:161} INFO - Started process (PID=6078) to work on /home/ml-srv/ml_pr3/airflow/dags/youtube_comments_score.py
[2024-01-14T16:22:14.767+0500] {processor.py:830} INFO - Processing file /home/ml-srv/ml_pr3/airflow/dags/youtube_comments_score.py for tasks to queue
[2024-01-14T16:22:14.768+0500] {logging_mixin.py:188} INFO - [2024-01-14T16:22:14.768+0500] {dagbag.py:538} INFO - Filling up the DagBag from /home/ml-srv/ml_pr3/airflow/dags/youtube_comments_score.py
[2024-01-14T16:22:14.776+0500] {processor.py:840} INFO - DAG(s) 'youtube_comments_score' retrieved from /home/ml-srv/ml_pr3/airflow/dags/youtube_comments_score.py
[2024-01-14T16:22:14.792+0500] {logging_mixin.py:188} INFO - [2024-01-14T16:22:14.792+0500] {dag.py:3033} INFO - Sync 1 DAGs
[2024-01-14T16:22:14.800+0500] {logging_mixin.py:188} INFO - [2024-01-14T16:22:14.800+0500] {dag.py:3820} INFO - Setting next_dagrun for youtube_comments_score to None, run_after=None
[2024-01-14T16:22:14.814+0500] {processor.py:183} INFO - Processing /home/ml-srv/ml_pr3/airflow/dags/youtube_comments_score.py took 0.051 seconds
[2024-01-14T16:22:45.059+0500] {processor.py:161} INFO - Started process (PID=6194) to work on /home/ml-srv/ml_pr3/airflow/dags/youtube_comments_score.py
[2024-01-14T16:22:45.060+0500] {processor.py:830} INFO - Processing file /home/ml-srv/ml_pr3/airflow/dags/youtube_comments_score.py for tasks to queue
[2024-01-14T16:22:45.061+0500] {logging_mixin.py:188} INFO - [2024-01-14T16:22:45.060+0500] {dagbag.py:538} INFO - Filling up the DagBag from /home/ml-srv/ml_pr3/airflow/dags/youtube_comments_score.py
[2024-01-14T16:22:45.069+0500] {processor.py:840} INFO - DAG(s) 'youtube_comments_score' retrieved from /home/ml-srv/ml_pr3/airflow/dags/youtube_comments_score.py
[2024-01-14T16:22:45.084+0500] {logging_mixin.py:188} INFO - [2024-01-14T16:22:45.084+0500] {dag.py:3033} INFO - Sync 1 DAGs
[2024-01-14T16:22:45.091+0500] {logging_mixin.py:188} INFO - [2024-01-14T16:22:45.091+0500] {dag.py:3820} INFO - Setting next_dagrun for youtube_comments_score to None, run_after=None
[2024-01-14T16:22:45.105+0500] {processor.py:183} INFO - Processing /home/ml-srv/ml_pr3/airflow/dags/youtube_comments_score.py took 0.048 seconds
[2024-01-14T16:23:15.352+0500] {processor.py:161} INFO - Started process (PID=6286) to work on /home/ml-srv/ml_pr3/airflow/dags/youtube_comments_score.py
[2024-01-14T16:23:15.353+0500] {processor.py:830} INFO - Processing file /home/ml-srv/ml_pr3/airflow/dags/youtube_comments_score.py for tasks to queue
[2024-01-14T16:23:15.354+0500] {logging_mixin.py:188} INFO - [2024-01-14T16:23:15.354+0500] {dagbag.py:538} INFO - Filling up the DagBag from /home/ml-srv/ml_pr3/airflow/dags/youtube_comments_score.py
[2024-01-14T16:23:15.363+0500] {processor.py:840} INFO - DAG(s) 'youtube_comments_score' retrieved from /home/ml-srv/ml_pr3/airflow/dags/youtube_comments_score.py
[2024-01-14T16:23:15.385+0500] {logging_mixin.py:188} INFO - [2024-01-14T16:23:15.385+0500] {dag.py:3033} INFO - Sync 1 DAGs
[2024-01-14T16:23:15.393+0500] {logging_mixin.py:188} INFO - [2024-01-14T16:23:15.393+0500] {dag.py:3820} INFO - Setting next_dagrun for youtube_comments_score to None, run_after=None
[2024-01-14T16:23:15.410+0500] {processor.py:183} INFO - Processing /home/ml-srv/ml_pr3/airflow/dags/youtube_comments_score.py took 0.060 seconds
[2024-01-14T16:23:45.651+0500] {processor.py:161} INFO - Started process (PID=6297) to work on /home/ml-srv/ml_pr3/airflow/dags/youtube_comments_score.py
[2024-01-14T16:23:45.652+0500] {processor.py:830} INFO - Processing file /home/ml-srv/ml_pr3/airflow/dags/youtube_comments_score.py for tasks to queue
[2024-01-14T16:23:45.653+0500] {logging_mixin.py:188} INFO - [2024-01-14T16:23:45.652+0500] {dagbag.py:538} INFO - Filling up the DagBag from /home/ml-srv/ml_pr3/airflow/dags/youtube_comments_score.py
[2024-01-14T16:23:45.661+0500] {processor.py:840} INFO - DAG(s) 'youtube_comments_score' retrieved from /home/ml-srv/ml_pr3/airflow/dags/youtube_comments_score.py
[2024-01-14T16:23:45.678+0500] {logging_mixin.py:188} INFO - [2024-01-14T16:23:45.678+0500] {dag.py:3033} INFO - Sync 1 DAGs
[2024-01-14T16:23:45.687+0500] {logging_mixin.py:188} INFO - [2024-01-14T16:23:45.686+0500] {dag.py:3820} INFO - Setting next_dagrun for youtube_comments_score to None, run_after=None
[2024-01-14T16:23:45.702+0500] {processor.py:183} INFO - Processing /home/ml-srv/ml_pr3/airflow/dags/youtube_comments_score.py took 0.053 seconds
[2024-01-14T16:24:15.959+0500] {processor.py:161} INFO - Started process (PID=6354) to work on /home/ml-srv/ml_pr3/airflow/dags/youtube_comments_score.py
[2024-01-14T16:24:15.961+0500] {processor.py:830} INFO - Processing file /home/ml-srv/ml_pr3/airflow/dags/youtube_comments_score.py for tasks to queue
[2024-01-14T16:24:15.962+0500] {logging_mixin.py:188} INFO - [2024-01-14T16:24:15.961+0500] {dagbag.py:538} INFO - Filling up the DagBag from /home/ml-srv/ml_pr3/airflow/dags/youtube_comments_score.py
[2024-01-14T16:24:15.973+0500] {processor.py:840} INFO - DAG(s) 'youtube_comments_score' retrieved from /home/ml-srv/ml_pr3/airflow/dags/youtube_comments_score.py
[2024-01-14T16:24:15.993+0500] {logging_mixin.py:188} INFO - [2024-01-14T16:24:15.993+0500] {dag.py:3033} INFO - Sync 1 DAGs
[2024-01-14T16:24:16.002+0500] {logging_mixin.py:188} INFO - [2024-01-14T16:24:16.002+0500] {dag.py:3820} INFO - Setting next_dagrun for youtube_comments_score to None, run_after=None
[2024-01-14T16:24:16.017+0500] {processor.py:183} INFO - Processing /home/ml-srv/ml_pr3/airflow/dags/youtube_comments_score.py took 0.060 seconds
[2024-01-14T16:24:46.253+0500] {processor.py:161} INFO - Started process (PID=6404) to work on /home/ml-srv/ml_pr3/airflow/dags/youtube_comments_score.py
[2024-01-14T16:24:46.254+0500] {processor.py:830} INFO - Processing file /home/ml-srv/ml_pr3/airflow/dags/youtube_comments_score.py for tasks to queue
[2024-01-14T16:24:46.255+0500] {logging_mixin.py:188} INFO - [2024-01-14T16:24:46.255+0500] {dagbag.py:538} INFO - Filling up the DagBag from /home/ml-srv/ml_pr3/airflow/dags/youtube_comments_score.py
[2024-01-14T16:24:46.279+0500] {processor.py:840} INFO - DAG(s) 'youtube_comments_score' retrieved from /home/ml-srv/ml_pr3/airflow/dags/youtube_comments_score.py
[2024-01-14T16:24:46.303+0500] {logging_mixin.py:188} INFO - [2024-01-14T16:24:46.303+0500] {dag.py:3033} INFO - Sync 1 DAGs
[2024-01-14T16:24:46.314+0500] {logging_mixin.py:188} INFO - [2024-01-14T16:24:46.314+0500] {dag.py:3820} INFO - Setting next_dagrun for youtube_comments_score to None, run_after=None
[2024-01-14T16:24:46.337+0500] {processor.py:183} INFO - Processing /home/ml-srv/ml_pr3/airflow/dags/youtube_comments_score.py took 0.087 seconds
[2024-01-14T16:25:16.563+0500] {processor.py:161} INFO - Started process (PID=6490) to work on /home/ml-srv/ml_pr3/airflow/dags/youtube_comments_score.py
[2024-01-14T16:25:16.564+0500] {processor.py:830} INFO - Processing file /home/ml-srv/ml_pr3/airflow/dags/youtube_comments_score.py for tasks to queue
[2024-01-14T16:25:16.566+0500] {logging_mixin.py:188} INFO - [2024-01-14T16:25:16.565+0500] {dagbag.py:538} INFO - Filling up the DagBag from /home/ml-srv/ml_pr3/airflow/dags/youtube_comments_score.py
[2024-01-14T16:25:16.576+0500] {processor.py:840} INFO - DAG(s) 'youtube_comments_score' retrieved from /home/ml-srv/ml_pr3/airflow/dags/youtube_comments_score.py
[2024-01-14T16:25:16.592+0500] {logging_mixin.py:188} INFO - [2024-01-14T16:25:16.592+0500] {dag.py:3033} INFO - Sync 1 DAGs
[2024-01-14T16:25:16.600+0500] {logging_mixin.py:188} INFO - [2024-01-14T16:25:16.600+0500] {dag.py:3820} INFO - Setting next_dagrun for youtube_comments_score to None, run_after=None
[2024-01-14T16:25:16.616+0500] {processor.py:183} INFO - Processing /home/ml-srv/ml_pr3/airflow/dags/youtube_comments_score.py took 0.056 seconds
[2024-01-14T16:25:46.871+0500] {processor.py:161} INFO - Started process (PID=6621) to work on /home/ml-srv/ml_pr3/airflow/dags/youtube_comments_score.py
[2024-01-14T16:25:46.872+0500] {processor.py:830} INFO - Processing file /home/ml-srv/ml_pr3/airflow/dags/youtube_comments_score.py for tasks to queue
[2024-01-14T16:25:46.873+0500] {logging_mixin.py:188} INFO - [2024-01-14T16:25:46.873+0500] {dagbag.py:538} INFO - Filling up the DagBag from /home/ml-srv/ml_pr3/airflow/dags/youtube_comments_score.py
[2024-01-14T16:25:46.883+0500] {processor.py:840} INFO - DAG(s) 'youtube_comments_score' retrieved from /home/ml-srv/ml_pr3/airflow/dags/youtube_comments_score.py
[2024-01-14T16:25:46.902+0500] {logging_mixin.py:188} INFO - [2024-01-14T16:25:46.901+0500] {dag.py:3033} INFO - Sync 1 DAGs
[2024-01-14T16:25:46.912+0500] {logging_mixin.py:188} INFO - [2024-01-14T16:25:46.911+0500] {dag.py:3820} INFO - Setting next_dagrun for youtube_comments_score to None, run_after=None
[2024-01-14T16:25:46.930+0500] {processor.py:183} INFO - Processing /home/ml-srv/ml_pr3/airflow/dags/youtube_comments_score.py took 0.064 seconds
[2024-01-14T16:26:17.168+0500] {processor.py:161} INFO - Started process (PID=6829) to work on /home/ml-srv/ml_pr3/airflow/dags/youtube_comments_score.py
[2024-01-14T16:26:17.170+0500] {processor.py:830} INFO - Processing file /home/ml-srv/ml_pr3/airflow/dags/youtube_comments_score.py for tasks to queue
[2024-01-14T16:26:17.170+0500] {logging_mixin.py:188} INFO - [2024-01-14T16:26:17.170+0500] {dagbag.py:538} INFO - Filling up the DagBag from /home/ml-srv/ml_pr3/airflow/dags/youtube_comments_score.py
[2024-01-14T16:26:17.183+0500] {processor.py:840} INFO - DAG(s) 'youtube_comments_score' retrieved from /home/ml-srv/ml_pr3/airflow/dags/youtube_comments_score.py
[2024-01-14T16:26:17.207+0500] {logging_mixin.py:188} INFO - [2024-01-14T16:26:17.206+0500] {dag.py:3033} INFO - Sync 1 DAGs
[2024-01-14T16:26:17.216+0500] {logging_mixin.py:188} INFO - [2024-01-14T16:26:17.216+0500] {dag.py:3820} INFO - Setting next_dagrun for youtube_comments_score to None, run_after=None
[2024-01-14T16:26:17.234+0500] {processor.py:183} INFO - Processing /home/ml-srv/ml_pr3/airflow/dags/youtube_comments_score.py took 0.068 seconds
[2024-01-14T16:26:48.970+0500] {processor.py:161} INFO - Started process (PID=7108) to work on /home/ml-srv/ml_pr3/airflow/dags/youtube_comments_score.py
[2024-01-14T16:26:48.971+0500] {processor.py:830} INFO - Processing file /home/ml-srv/ml_pr3/airflow/dags/youtube_comments_score.py for tasks to queue
[2024-01-14T16:26:48.971+0500] {logging_mixin.py:188} INFO - [2024-01-14T16:26:48.971+0500] {dagbag.py:538} INFO - Filling up the DagBag from /home/ml-srv/ml_pr3/airflow/dags/youtube_comments_score.py
[2024-01-14T16:26:48.982+0500] {processor.py:840} INFO - DAG(s) 'youtube_comments_score' retrieved from /home/ml-srv/ml_pr3/airflow/dags/youtube_comments_score.py
[2024-01-14T16:26:48.999+0500] {logging_mixin.py:188} INFO - [2024-01-14T16:26:48.999+0500] {dag.py:3033} INFO - Sync 1 DAGs
[2024-01-14T16:26:49.008+0500] {logging_mixin.py:188} INFO - [2024-01-14T16:26:49.008+0500] {dag.py:3820} INFO - Setting next_dagrun for youtube_comments_score to None, run_after=None
[2024-01-14T16:26:49.024+0500] {processor.py:183} INFO - Processing /home/ml-srv/ml_pr3/airflow/dags/youtube_comments_score.py took 0.057 seconds
[2024-01-14T16:27:19.749+0500] {processor.py:161} INFO - Started process (PID=7368) to work on /home/ml-srv/ml_pr3/airflow/dags/youtube_comments_score.py
[2024-01-14T16:27:19.750+0500] {processor.py:830} INFO - Processing file /home/ml-srv/ml_pr3/airflow/dags/youtube_comments_score.py for tasks to queue
[2024-01-14T16:27:19.751+0500] {logging_mixin.py:188} INFO - [2024-01-14T16:27:19.750+0500] {dagbag.py:538} INFO - Filling up the DagBag from /home/ml-srv/ml_pr3/airflow/dags/youtube_comments_score.py
[2024-01-14T16:27:19.759+0500] {processor.py:840} INFO - DAG(s) 'youtube_comments_score' retrieved from /home/ml-srv/ml_pr3/airflow/dags/youtube_comments_score.py
[2024-01-14T16:27:19.776+0500] {logging_mixin.py:188} INFO - [2024-01-14T16:27:19.775+0500] {dag.py:3033} INFO - Sync 1 DAGs
[2024-01-14T16:27:19.784+0500] {logging_mixin.py:188} INFO - [2024-01-14T16:27:19.784+0500] {dag.py:3820} INFO - Setting next_dagrun for youtube_comments_score to None, run_after=None
[2024-01-14T16:27:19.799+0500] {processor.py:183} INFO - Processing /home/ml-srv/ml_pr3/airflow/dags/youtube_comments_score.py took 0.053 seconds
[2024-01-14T16:27:49.991+0500] {processor.py:161} INFO - Started process (PID=7600) to work on /home/ml-srv/ml_pr3/airflow/dags/youtube_comments_score.py
[2024-01-14T16:27:49.992+0500] {processor.py:830} INFO - Processing file /home/ml-srv/ml_pr3/airflow/dags/youtube_comments_score.py for tasks to queue
[2024-01-14T16:27:49.993+0500] {logging_mixin.py:188} INFO - [2024-01-14T16:27:49.992+0500] {dagbag.py:538} INFO - Filling up the DagBag from /home/ml-srv/ml_pr3/airflow/dags/youtube_comments_score.py
[2024-01-14T16:27:50.002+0500] {processor.py:840} INFO - DAG(s) 'youtube_comments_score' retrieved from /home/ml-srv/ml_pr3/airflow/dags/youtube_comments_score.py
[2024-01-14T16:27:50.018+0500] {logging_mixin.py:188} INFO - [2024-01-14T16:27:50.018+0500] {dag.py:3033} INFO - Sync 1 DAGs
[2024-01-14T16:27:50.028+0500] {logging_mixin.py:188} INFO - [2024-01-14T16:27:50.028+0500] {dag.py:3820} INFO - Setting next_dagrun for youtube_comments_score to None, run_after=None
[2024-01-14T16:27:50.043+0500] {processor.py:183} INFO - Processing /home/ml-srv/ml_pr3/airflow/dags/youtube_comments_score.py took 0.054 seconds
[2024-01-14T16:28:20.237+0500] {processor.py:161} INFO - Started process (PID=7913) to work on /home/ml-srv/ml_pr3/airflow/dags/youtube_comments_score.py
[2024-01-14T16:28:20.238+0500] {processor.py:830} INFO - Processing file /home/ml-srv/ml_pr3/airflow/dags/youtube_comments_score.py for tasks to queue
[2024-01-14T16:28:20.239+0500] {logging_mixin.py:188} INFO - [2024-01-14T16:28:20.239+0500] {dagbag.py:538} INFO - Filling up the DagBag from /home/ml-srv/ml_pr3/airflow/dags/youtube_comments_score.py
[2024-01-14T16:28:20.248+0500] {processor.py:840} INFO - DAG(s) 'youtube_comments_score' retrieved from /home/ml-srv/ml_pr3/airflow/dags/youtube_comments_score.py
[2024-01-14T16:28:20.264+0500] {logging_mixin.py:188} INFO - [2024-01-14T16:28:20.264+0500] {dag.py:3033} INFO - Sync 1 DAGs
[2024-01-14T16:28:20.273+0500] {logging_mixin.py:188} INFO - [2024-01-14T16:28:20.273+0500] {dag.py:3820} INFO - Setting next_dagrun for youtube_comments_score to None, run_after=None
[2024-01-14T16:28:20.289+0500] {processor.py:183} INFO - Processing /home/ml-srv/ml_pr3/airflow/dags/youtube_comments_score.py took 0.055 seconds
[2024-01-14T16:28:50.497+0500] {processor.py:161} INFO - Started process (PID=8026) to work on /home/ml-srv/ml_pr3/airflow/dags/youtube_comments_score.py
[2024-01-14T16:28:50.498+0500] {processor.py:830} INFO - Processing file /home/ml-srv/ml_pr3/airflow/dags/youtube_comments_score.py for tasks to queue
[2024-01-14T16:28:50.498+0500] {logging_mixin.py:188} INFO - [2024-01-14T16:28:50.498+0500] {dagbag.py:538} INFO - Filling up the DagBag from /home/ml-srv/ml_pr3/airflow/dags/youtube_comments_score.py
[2024-01-14T16:28:50.507+0500] {processor.py:840} INFO - DAG(s) 'youtube_comments_score' retrieved from /home/ml-srv/ml_pr3/airflow/dags/youtube_comments_score.py
[2024-01-14T16:28:50.525+0500] {logging_mixin.py:188} INFO - [2024-01-14T16:28:50.524+0500] {dag.py:3033} INFO - Sync 1 DAGs
[2024-01-14T16:28:50.533+0500] {logging_mixin.py:188} INFO - [2024-01-14T16:28:50.533+0500] {dag.py:3820} INFO - Setting next_dagrun for youtube_comments_score to None, run_after=None
[2024-01-14T16:28:50.550+0500] {processor.py:183} INFO - Processing /home/ml-srv/ml_pr3/airflow/dags/youtube_comments_score.py took 0.055 seconds
[2024-01-14T16:29:36.844+0500] {processor.py:161} INFO - Started process (PID=8387) to work on /home/ml-srv/ml_pr3/airflow/dags/youtube_comments_score.py
[2024-01-14T16:29:36.845+0500] {processor.py:830} INFO - Processing file /home/ml-srv/ml_pr3/airflow/dags/youtube_comments_score.py for tasks to queue
[2024-01-14T16:29:36.846+0500] {logging_mixin.py:188} INFO - [2024-01-14T16:29:36.846+0500] {dagbag.py:538} INFO - Filling up the DagBag from /home/ml-srv/ml_pr3/airflow/dags/youtube_comments_score.py
[2024-01-14T16:29:36.858+0500] {processor.py:840} INFO - DAG(s) 'youtube_comments_score' retrieved from /home/ml-srv/ml_pr3/airflow/dags/youtube_comments_score.py
[2024-01-14T16:29:36.878+0500] {logging_mixin.py:188} INFO - [2024-01-14T16:29:36.878+0500] {dag.py:3033} INFO - Sync 1 DAGs
[2024-01-14T16:29:36.887+0500] {logging_mixin.py:188} INFO - [2024-01-14T16:29:36.887+0500] {dag.py:3820} INFO - Setting next_dagrun for youtube_comments_score to None, run_after=None
[2024-01-14T16:29:36.906+0500] {processor.py:183} INFO - Processing /home/ml-srv/ml_pr3/airflow/dags/youtube_comments_score.py took 0.064 seconds
[2024-01-14T16:30:07.811+0500] {processor.py:161} INFO - Started process (PID=8732) to work on /home/ml-srv/ml_pr3/airflow/dags/youtube_comments_score.py
[2024-01-14T16:30:07.812+0500] {processor.py:830} INFO - Processing file /home/ml-srv/ml_pr3/airflow/dags/youtube_comments_score.py for tasks to queue
[2024-01-14T16:30:07.813+0500] {logging_mixin.py:188} INFO - [2024-01-14T16:30:07.813+0500] {dagbag.py:538} INFO - Filling up the DagBag from /home/ml-srv/ml_pr3/airflow/dags/youtube_comments_score.py
[2024-01-14T16:30:07.822+0500] {processor.py:840} INFO - DAG(s) 'youtube_comments_score' retrieved from /home/ml-srv/ml_pr3/airflow/dags/youtube_comments_score.py
[2024-01-14T16:30:07.840+0500] {logging_mixin.py:188} INFO - [2024-01-14T16:30:07.840+0500] {dag.py:3033} INFO - Sync 1 DAGs
[2024-01-14T16:30:07.848+0500] {logging_mixin.py:188} INFO - [2024-01-14T16:30:07.848+0500] {dag.py:3820} INFO - Setting next_dagrun for youtube_comments_score to None, run_after=None
[2024-01-14T16:30:07.867+0500] {processor.py:183} INFO - Processing /home/ml-srv/ml_pr3/airflow/dags/youtube_comments_score.py took 0.058 seconds
[2024-01-14T16:30:38.927+0500] {processor.py:161} INFO - Started process (PID=8999) to work on /home/ml-srv/ml_pr3/airflow/dags/youtube_comments_score.py
[2024-01-14T16:30:38.927+0500] {processor.py:830} INFO - Processing file /home/ml-srv/ml_pr3/airflow/dags/youtube_comments_score.py for tasks to queue
[2024-01-14T16:30:38.928+0500] {logging_mixin.py:188} INFO - [2024-01-14T16:30:38.928+0500] {dagbag.py:538} INFO - Filling up the DagBag from /home/ml-srv/ml_pr3/airflow/dags/youtube_comments_score.py
[2024-01-14T16:30:38.940+0500] {processor.py:840} INFO - DAG(s) 'youtube_comments_score' retrieved from /home/ml-srv/ml_pr3/airflow/dags/youtube_comments_score.py
[2024-01-14T16:30:38.956+0500] {logging_mixin.py:188} INFO - [2024-01-14T16:30:38.955+0500] {dag.py:3033} INFO - Sync 1 DAGs
[2024-01-14T16:30:38.964+0500] {logging_mixin.py:188} INFO - [2024-01-14T16:30:38.963+0500] {dag.py:3820} INFO - Setting next_dagrun for youtube_comments_score to None, run_after=None
[2024-01-14T16:30:38.979+0500] {processor.py:183} INFO - Processing /home/ml-srv/ml_pr3/airflow/dags/youtube_comments_score.py took 0.054 seconds
[2024-01-14T16:31:09.404+0500] {processor.py:161} INFO - Started process (PID=9290) to work on /home/ml-srv/ml_pr3/airflow/dags/youtube_comments_score.py
[2024-01-14T16:31:09.404+0500] {processor.py:830} INFO - Processing file /home/ml-srv/ml_pr3/airflow/dags/youtube_comments_score.py for tasks to queue
[2024-01-14T16:31:09.405+0500] {logging_mixin.py:188} INFO - [2024-01-14T16:31:09.405+0500] {dagbag.py:538} INFO - Filling up the DagBag from /home/ml-srv/ml_pr3/airflow/dags/youtube_comments_score.py
[2024-01-14T16:31:09.414+0500] {processor.py:840} INFO - DAG(s) 'youtube_comments_score' retrieved from /home/ml-srv/ml_pr3/airflow/dags/youtube_comments_score.py
[2024-01-14T16:31:09.430+0500] {logging_mixin.py:188} INFO - [2024-01-14T16:31:09.430+0500] {dag.py:3033} INFO - Sync 1 DAGs
[2024-01-14T16:31:09.441+0500] {logging_mixin.py:188} INFO - [2024-01-14T16:31:09.440+0500] {dag.py:3820} INFO - Setting next_dagrun for youtube_comments_score to None, run_after=None
[2024-01-14T16:31:09.458+0500] {processor.py:183} INFO - Processing /home/ml-srv/ml_pr3/airflow/dags/youtube_comments_score.py took 0.056 seconds
[2024-01-14T16:31:39.902+0500] {processor.py:161} INFO - Started process (PID=9530) to work on /home/ml-srv/ml_pr3/airflow/dags/youtube_comments_score.py
[2024-01-14T16:31:39.903+0500] {processor.py:830} INFO - Processing file /home/ml-srv/ml_pr3/airflow/dags/youtube_comments_score.py for tasks to queue
[2024-01-14T16:31:39.904+0500] {logging_mixin.py:188} INFO - [2024-01-14T16:31:39.903+0500] {dagbag.py:538} INFO - Filling up the DagBag from /home/ml-srv/ml_pr3/airflow/dags/youtube_comments_score.py
[2024-01-14T16:31:39.913+0500] {processor.py:840} INFO - DAG(s) 'youtube_comments_score' retrieved from /home/ml-srv/ml_pr3/airflow/dags/youtube_comments_score.py
[2024-01-14T16:31:39.930+0500] {logging_mixin.py:188} INFO - [2024-01-14T16:31:39.930+0500] {dag.py:3033} INFO - Sync 1 DAGs
[2024-01-14T16:31:39.940+0500] {logging_mixin.py:188} INFO - [2024-01-14T16:31:39.940+0500] {dag.py:3820} INFO - Setting next_dagrun for youtube_comments_score to None, run_after=None
[2024-01-14T16:31:39.955+0500] {processor.py:183} INFO - Processing /home/ml-srv/ml_pr3/airflow/dags/youtube_comments_score.py took 0.055 seconds
[2024-01-14T16:32:10.085+0500] {processor.py:161} INFO - Started process (PID=9814) to work on /home/ml-srv/ml_pr3/airflow/dags/youtube_comments_score.py
[2024-01-14T16:32:10.086+0500] {processor.py:830} INFO - Processing file /home/ml-srv/ml_pr3/airflow/dags/youtube_comments_score.py for tasks to queue
[2024-01-14T16:32:10.086+0500] {logging_mixin.py:188} INFO - [2024-01-14T16:32:10.086+0500] {dagbag.py:538} INFO - Filling up the DagBag from /home/ml-srv/ml_pr3/airflow/dags/youtube_comments_score.py
[2024-01-14T16:32:10.095+0500] {processor.py:840} INFO - DAG(s) 'youtube_comments_score' retrieved from /home/ml-srv/ml_pr3/airflow/dags/youtube_comments_score.py
[2024-01-14T16:32:10.112+0500] {logging_mixin.py:188} INFO - [2024-01-14T16:32:10.112+0500] {dag.py:3033} INFO - Sync 1 DAGs
[2024-01-14T16:32:10.122+0500] {logging_mixin.py:188} INFO - [2024-01-14T16:32:10.122+0500] {dag.py:3820} INFO - Setting next_dagrun for youtube_comments_score to None, run_after=None
[2024-01-14T16:32:10.142+0500] {processor.py:183} INFO - Processing /home/ml-srv/ml_pr3/airflow/dags/youtube_comments_score.py took 0.059 seconds
[2024-01-14T16:32:40.238+0500] {processor.py:161} INFO - Started process (PID=10028) to work on /home/ml-srv/ml_pr3/airflow/dags/youtube_comments_score.py
[2024-01-14T16:32:40.239+0500] {processor.py:830} INFO - Processing file /home/ml-srv/ml_pr3/airflow/dags/youtube_comments_score.py for tasks to queue
[2024-01-14T16:32:40.240+0500] {logging_mixin.py:188} INFO - [2024-01-14T16:32:40.240+0500] {dagbag.py:538} INFO - Filling up the DagBag from /home/ml-srv/ml_pr3/airflow/dags/youtube_comments_score.py
[2024-01-14T16:32:40.249+0500] {processor.py:840} INFO - DAG(s) 'youtube_comments_score' retrieved from /home/ml-srv/ml_pr3/airflow/dags/youtube_comments_score.py
[2024-01-14T16:32:40.271+0500] {logging_mixin.py:188} INFO - [2024-01-14T16:32:40.270+0500] {dag.py:3033} INFO - Sync 1 DAGs
[2024-01-14T16:32:40.280+0500] {logging_mixin.py:188} INFO - [2024-01-14T16:32:40.280+0500] {dag.py:3820} INFO - Setting next_dagrun for youtube_comments_score to None, run_after=None
[2024-01-14T16:32:40.298+0500] {processor.py:183} INFO - Processing /home/ml-srv/ml_pr3/airflow/dags/youtube_comments_score.py took 0.062 seconds
[2024-01-14T16:33:10.430+0500] {processor.py:161} INFO - Started process (PID=10227) to work on /home/ml-srv/ml_pr3/airflow/dags/youtube_comments_score.py
[2024-01-14T16:33:10.431+0500] {processor.py:830} INFO - Processing file /home/ml-srv/ml_pr3/airflow/dags/youtube_comments_score.py for tasks to queue
[2024-01-14T16:33:10.432+0500] {logging_mixin.py:188} INFO - [2024-01-14T16:33:10.431+0500] {dagbag.py:538} INFO - Filling up the DagBag from /home/ml-srv/ml_pr3/airflow/dags/youtube_comments_score.py
[2024-01-14T16:33:10.441+0500] {processor.py:840} INFO - DAG(s) 'youtube_comments_score' retrieved from /home/ml-srv/ml_pr3/airflow/dags/youtube_comments_score.py
[2024-01-14T16:33:10.458+0500] {logging_mixin.py:188} INFO - [2024-01-14T16:33:10.458+0500] {dag.py:3033} INFO - Sync 1 DAGs
[2024-01-14T16:33:10.468+0500] {logging_mixin.py:188} INFO - [2024-01-14T16:33:10.468+0500] {dag.py:3820} INFO - Setting next_dagrun for youtube_comments_score to None, run_after=None
[2024-01-14T16:33:10.484+0500] {processor.py:183} INFO - Processing /home/ml-srv/ml_pr3/airflow/dags/youtube_comments_score.py took 0.057 seconds
[2024-01-14T16:33:40.613+0500] {processor.py:161} INFO - Started process (PID=10424) to work on /home/ml-srv/ml_pr3/airflow/dags/youtube_comments_score.py
[2024-01-14T16:33:40.614+0500] {processor.py:830} INFO - Processing file /home/ml-srv/ml_pr3/airflow/dags/youtube_comments_score.py for tasks to queue
[2024-01-14T16:33:40.615+0500] {logging_mixin.py:188} INFO - [2024-01-14T16:33:40.614+0500] {dagbag.py:538} INFO - Filling up the DagBag from /home/ml-srv/ml_pr3/airflow/dags/youtube_comments_score.py
[2024-01-14T16:33:40.625+0500] {processor.py:840} INFO - DAG(s) 'youtube_comments_score' retrieved from /home/ml-srv/ml_pr3/airflow/dags/youtube_comments_score.py
[2024-01-14T16:33:40.645+0500] {logging_mixin.py:188} INFO - [2024-01-14T16:33:40.644+0500] {dag.py:3033} INFO - Sync 1 DAGs
[2024-01-14T16:33:40.655+0500] {logging_mixin.py:188} INFO - [2024-01-14T16:33:40.655+0500] {dag.py:3820} INFO - Setting next_dagrun for youtube_comments_score to None, run_after=None
[2024-01-14T16:33:40.674+0500] {processor.py:183} INFO - Processing /home/ml-srv/ml_pr3/airflow/dags/youtube_comments_score.py took 0.064 seconds
[2024-01-14T16:34:10.811+0500] {processor.py:161} INFO - Started process (PID=10605) to work on /home/ml-srv/ml_pr3/airflow/dags/youtube_comments_score.py
[2024-01-14T16:34:10.812+0500] {processor.py:830} INFO - Processing file /home/ml-srv/ml_pr3/airflow/dags/youtube_comments_score.py for tasks to queue
[2024-01-14T16:34:10.813+0500] {logging_mixin.py:188} INFO - [2024-01-14T16:34:10.812+0500] {dagbag.py:538} INFO - Filling up the DagBag from /home/ml-srv/ml_pr3/airflow/dags/youtube_comments_score.py
[2024-01-14T16:34:10.822+0500] {processor.py:840} INFO - DAG(s) 'youtube_comments_score' retrieved from /home/ml-srv/ml_pr3/airflow/dags/youtube_comments_score.py
[2024-01-14T16:34:10.842+0500] {logging_mixin.py:188} INFO - [2024-01-14T16:34:10.842+0500] {dag.py:3033} INFO - Sync 1 DAGs
[2024-01-14T16:34:10.860+0500] {logging_mixin.py:188} INFO - [2024-01-14T16:34:10.860+0500] {dag.py:3820} INFO - Setting next_dagrun for youtube_comments_score to None, run_after=None
[2024-01-14T16:34:10.876+0500] {processor.py:183} INFO - Processing /home/ml-srv/ml_pr3/airflow/dags/youtube_comments_score.py took 0.067 seconds
[2024-01-14T16:34:55.380+0500] {processor.py:161} INFO - Started process (PID=11069) to work on /home/ml-srv/ml_pr3/airflow/dags/youtube_comments_score.py
[2024-01-14T16:34:55.380+0500] {processor.py:830} INFO - Processing file /home/ml-srv/ml_pr3/airflow/dags/youtube_comments_score.py for tasks to queue
[2024-01-14T16:34:55.381+0500] {logging_mixin.py:188} INFO - [2024-01-14T16:34:55.381+0500] {dagbag.py:538} INFO - Filling up the DagBag from /home/ml-srv/ml_pr3/airflow/dags/youtube_comments_score.py
[2024-01-14T16:34:55.390+0500] {processor.py:840} INFO - DAG(s) 'youtube_comments_score' retrieved from /home/ml-srv/ml_pr3/airflow/dags/youtube_comments_score.py
[2024-01-14T16:34:55.407+0500] {logging_mixin.py:188} INFO - [2024-01-14T16:34:55.407+0500] {dag.py:3033} INFO - Sync 1 DAGs
[2024-01-14T16:34:55.415+0500] {logging_mixin.py:188} INFO - [2024-01-14T16:34:55.415+0500] {dag.py:3820} INFO - Setting next_dagrun for youtube_comments_score to None, run_after=None
[2024-01-14T16:34:55.431+0500] {processor.py:183} INFO - Processing /home/ml-srv/ml_pr3/airflow/dags/youtube_comments_score.py took 0.054 seconds
[2024-01-14T16:36:12.415+0500] {processor.py:161} INFO - Started process (PID=11786) to work on /home/ml-srv/ml_pr3/airflow/dags/youtube_comments_score.py
[2024-01-14T16:36:12.420+0500] {processor.py:830} INFO - Processing file /home/ml-srv/ml_pr3/airflow/dags/youtube_comments_score.py for tasks to queue
[2024-01-14T16:36:12.421+0500] {logging_mixin.py:188} INFO - [2024-01-14T16:36:12.420+0500] {dagbag.py:538} INFO - Filling up the DagBag from /home/ml-srv/ml_pr3/airflow/dags/youtube_comments_score.py
[2024-01-14T16:36:12.437+0500] {processor.py:840} INFO - DAG(s) 'youtube_comments_score' retrieved from /home/ml-srv/ml_pr3/airflow/dags/youtube_comments_score.py
[2024-01-14T16:36:12.467+0500] {logging_mixin.py:188} INFO - [2024-01-14T16:36:12.466+0500] {dag.py:3033} INFO - Sync 1 DAGs
[2024-01-14T16:36:12.477+0500] {logging_mixin.py:188} INFO - [2024-01-14T16:36:12.477+0500] {dag.py:3820} INFO - Setting next_dagrun for youtube_comments_score to None, run_after=None
[2024-01-14T16:36:12.494+0500] {processor.py:183} INFO - Processing /home/ml-srv/ml_pr3/airflow/dags/youtube_comments_score.py took 0.082 seconds
[2024-01-14T16:36:43.508+0500] {processor.py:161} INFO - Started process (PID=12068) to work on /home/ml-srv/ml_pr3/airflow/dags/youtube_comments_score.py
[2024-01-14T16:36:43.509+0500] {processor.py:830} INFO - Processing file /home/ml-srv/ml_pr3/airflow/dags/youtube_comments_score.py for tasks to queue
[2024-01-14T16:36:43.512+0500] {logging_mixin.py:188} INFO - [2024-01-14T16:36:43.510+0500] {dagbag.py:538} INFO - Filling up the DagBag from /home/ml-srv/ml_pr3/airflow/dags/youtube_comments_score.py
[2024-01-14T16:36:43.535+0500] {processor.py:840} INFO - DAG(s) 'youtube_comments_score' retrieved from /home/ml-srv/ml_pr3/airflow/dags/youtube_comments_score.py
[2024-01-14T16:36:43.567+0500] {logging_mixin.py:188} INFO - [2024-01-14T16:36:43.566+0500] {dag.py:3033} INFO - Sync 1 DAGs
[2024-01-14T16:36:43.590+0500] {logging_mixin.py:188} INFO - [2024-01-14T16:36:43.590+0500] {dag.py:3820} INFO - Setting next_dagrun for youtube_comments_score to None, run_after=None
[2024-01-14T16:36:43.614+0500] {processor.py:183} INFO - Processing /home/ml-srv/ml_pr3/airflow/dags/youtube_comments_score.py took 0.113 seconds
[2024-01-14T16:37:14.607+0500] {processor.py:161} INFO - Started process (PID=12110) to work on /home/ml-srv/ml_pr3/airflow/dags/youtube_comments_score.py
[2024-01-14T16:37:14.608+0500] {processor.py:830} INFO - Processing file /home/ml-srv/ml_pr3/airflow/dags/youtube_comments_score.py for tasks to queue
[2024-01-14T16:37:14.609+0500] {logging_mixin.py:188} INFO - [2024-01-14T16:37:14.609+0500] {dagbag.py:538} INFO - Filling up the DagBag from /home/ml-srv/ml_pr3/airflow/dags/youtube_comments_score.py
[2024-01-14T16:37:14.619+0500] {processor.py:840} INFO - DAG(s) 'youtube_comments_score' retrieved from /home/ml-srv/ml_pr3/airflow/dags/youtube_comments_score.py
[2024-01-14T16:37:14.635+0500] {logging_mixin.py:188} INFO - [2024-01-14T16:37:14.635+0500] {dag.py:3033} INFO - Sync 1 DAGs
[2024-01-14T16:37:14.643+0500] {logging_mixin.py:188} INFO - [2024-01-14T16:37:14.643+0500] {dag.py:3820} INFO - Setting next_dagrun for youtube_comments_score to None, run_after=None
[2024-01-14T16:37:14.658+0500] {processor.py:183} INFO - Processing /home/ml-srv/ml_pr3/airflow/dags/youtube_comments_score.py took 0.054 seconds
[2024-01-14T16:37:45.101+0500] {processor.py:161} INFO - Started process (PID=12149) to work on /home/ml-srv/ml_pr3/airflow/dags/youtube_comments_score.py
[2024-01-14T16:37:45.101+0500] {processor.py:830} INFO - Processing file /home/ml-srv/ml_pr3/airflow/dags/youtube_comments_score.py for tasks to queue
[2024-01-14T16:37:45.102+0500] {logging_mixin.py:188} INFO - [2024-01-14T16:37:45.102+0500] {dagbag.py:538} INFO - Filling up the DagBag from /home/ml-srv/ml_pr3/airflow/dags/youtube_comments_score.py
[2024-01-14T16:37:45.123+0500] {processor.py:840} INFO - DAG(s) 'youtube_comments_score' retrieved from /home/ml-srv/ml_pr3/airflow/dags/youtube_comments_score.py
[2024-01-14T16:37:45.140+0500] {logging_mixin.py:188} INFO - [2024-01-14T16:37:45.139+0500] {dag.py:3033} INFO - Sync 1 DAGs
[2024-01-14T16:37:45.148+0500] {logging_mixin.py:188} INFO - [2024-01-14T16:37:45.148+0500] {dag.py:3820} INFO - Setting next_dagrun for youtube_comments_score to None, run_after=None
[2024-01-14T16:37:45.165+0500] {processor.py:183} INFO - Processing /home/ml-srv/ml_pr3/airflow/dags/youtube_comments_score.py took 0.067 seconds
[2024-01-14T16:38:15.389+0500] {processor.py:161} INFO - Started process (PID=12176) to work on /home/ml-srv/ml_pr3/airflow/dags/youtube_comments_score.py
[2024-01-14T16:38:15.391+0500] {processor.py:830} INFO - Processing file /home/ml-srv/ml_pr3/airflow/dags/youtube_comments_score.py for tasks to queue
[2024-01-14T16:38:15.391+0500] {logging_mixin.py:188} INFO - [2024-01-14T16:38:15.391+0500] {dagbag.py:538} INFO - Filling up the DagBag from /home/ml-srv/ml_pr3/airflow/dags/youtube_comments_score.py
[2024-01-14T16:38:15.400+0500] {processor.py:840} INFO - DAG(s) 'youtube_comments_score' retrieved from /home/ml-srv/ml_pr3/airflow/dags/youtube_comments_score.py
[2024-01-14T16:38:15.417+0500] {logging_mixin.py:188} INFO - [2024-01-14T16:38:15.417+0500] {dag.py:3033} INFO - Sync 1 DAGs
[2024-01-14T16:38:15.426+0500] {logging_mixin.py:188} INFO - [2024-01-14T16:38:15.426+0500] {dag.py:3820} INFO - Setting next_dagrun for youtube_comments_score to None, run_after=None
[2024-01-14T16:38:15.454+0500] {processor.py:183} INFO - Processing /home/ml-srv/ml_pr3/airflow/dags/youtube_comments_score.py took 0.067 seconds
[2024-01-14T16:38:45.677+0500] {processor.py:161} INFO - Started process (PID=12196) to work on /home/ml-srv/ml_pr3/airflow/dags/youtube_comments_score.py
[2024-01-14T16:38:45.679+0500] {processor.py:830} INFO - Processing file /home/ml-srv/ml_pr3/airflow/dags/youtube_comments_score.py for tasks to queue
[2024-01-14T16:38:45.680+0500] {logging_mixin.py:188} INFO - [2024-01-14T16:38:45.679+0500] {dagbag.py:538} INFO - Filling up the DagBag from /home/ml-srv/ml_pr3/airflow/dags/youtube_comments_score.py
[2024-01-14T16:38:45.688+0500] {processor.py:840} INFO - DAG(s) 'youtube_comments_score' retrieved from /home/ml-srv/ml_pr3/airflow/dags/youtube_comments_score.py
[2024-01-14T16:38:45.705+0500] {logging_mixin.py:188} INFO - [2024-01-14T16:38:45.704+0500] {dag.py:3033} INFO - Sync 1 DAGs
[2024-01-14T16:38:45.714+0500] {logging_mixin.py:188} INFO - [2024-01-14T16:38:45.713+0500] {dag.py:3820} INFO - Setting next_dagrun for youtube_comments_score to None, run_after=None
[2024-01-14T16:38:45.728+0500] {processor.py:183} INFO - Processing /home/ml-srv/ml_pr3/airflow/dags/youtube_comments_score.py took 0.053 seconds
[2024-01-14T16:39:15.951+0500] {processor.py:161} INFO - Started process (PID=12216) to work on /home/ml-srv/ml_pr3/airflow/dags/youtube_comments_score.py
[2024-01-14T16:39:15.952+0500] {processor.py:830} INFO - Processing file /home/ml-srv/ml_pr3/airflow/dags/youtube_comments_score.py for tasks to queue
[2024-01-14T16:39:15.952+0500] {logging_mixin.py:188} INFO - [2024-01-14T16:39:15.952+0500] {dagbag.py:538} INFO - Filling up the DagBag from /home/ml-srv/ml_pr3/airflow/dags/youtube_comments_score.py
[2024-01-14T16:39:15.962+0500] {processor.py:840} INFO - DAG(s) 'youtube_comments_score' retrieved from /home/ml-srv/ml_pr3/airflow/dags/youtube_comments_score.py
[2024-01-14T16:39:15.981+0500] {logging_mixin.py:188} INFO - [2024-01-14T16:39:15.981+0500] {dag.py:3033} INFO - Sync 1 DAGs
[2024-01-14T16:39:15.991+0500] {logging_mixin.py:188} INFO - [2024-01-14T16:39:15.991+0500] {dag.py:3820} INFO - Setting next_dagrun for youtube_comments_score to None, run_after=None
[2024-01-14T16:39:16.009+0500] {processor.py:183} INFO - Processing /home/ml-srv/ml_pr3/airflow/dags/youtube_comments_score.py took 0.061 seconds
[2024-01-14T16:39:46.264+0500] {processor.py:161} INFO - Started process (PID=12257) to work on /home/ml-srv/ml_pr3/airflow/dags/youtube_comments_score.py
[2024-01-14T16:39:46.266+0500] {processor.py:830} INFO - Processing file /home/ml-srv/ml_pr3/airflow/dags/youtube_comments_score.py for tasks to queue
[2024-01-14T16:39:46.267+0500] {logging_mixin.py:188} INFO - [2024-01-14T16:39:46.267+0500] {dagbag.py:538} INFO - Filling up the DagBag from /home/ml-srv/ml_pr3/airflow/dags/youtube_comments_score.py
[2024-01-14T16:39:46.276+0500] {processor.py:840} INFO - DAG(s) 'youtube_comments_score' retrieved from /home/ml-srv/ml_pr3/airflow/dags/youtube_comments_score.py
[2024-01-14T16:39:46.293+0500] {logging_mixin.py:188} INFO - [2024-01-14T16:39:46.292+0500] {dag.py:3033} INFO - Sync 1 DAGs
[2024-01-14T16:39:46.301+0500] {logging_mixin.py:188} INFO - [2024-01-14T16:39:46.301+0500] {dag.py:3820} INFO - Setting next_dagrun for youtube_comments_score to None, run_after=None
[2024-01-14T16:39:46.316+0500] {processor.py:183} INFO - Processing /home/ml-srv/ml_pr3/airflow/dags/youtube_comments_score.py took 0.054 seconds
[2024-01-14T16:40:16.579+0500] {processor.py:161} INFO - Started process (PID=12304) to work on /home/ml-srv/ml_pr3/airflow/dags/youtube_comments_score.py
[2024-01-14T16:40:16.580+0500] {processor.py:830} INFO - Processing file /home/ml-srv/ml_pr3/airflow/dags/youtube_comments_score.py for tasks to queue
[2024-01-14T16:40:16.581+0500] {logging_mixin.py:188} INFO - [2024-01-14T16:40:16.580+0500] {dagbag.py:538} INFO - Filling up the DagBag from /home/ml-srv/ml_pr3/airflow/dags/youtube_comments_score.py
[2024-01-14T16:40:16.589+0500] {processor.py:840} INFO - DAG(s) 'youtube_comments_score' retrieved from /home/ml-srv/ml_pr3/airflow/dags/youtube_comments_score.py
[2024-01-14T16:40:16.604+0500] {logging_mixin.py:188} INFO - [2024-01-14T16:40:16.604+0500] {dag.py:3033} INFO - Sync 1 DAGs
[2024-01-14T16:40:16.612+0500] {logging_mixin.py:188} INFO - [2024-01-14T16:40:16.612+0500] {dag.py:3820} INFO - Setting next_dagrun for youtube_comments_score to None, run_after=None
[2024-01-14T16:40:16.626+0500] {processor.py:183} INFO - Processing /home/ml-srv/ml_pr3/airflow/dags/youtube_comments_score.py took 0.050 seconds
[2024-01-14T16:40:46.880+0500] {processor.py:161} INFO - Started process (PID=12381) to work on /home/ml-srv/ml_pr3/airflow/dags/youtube_comments_score.py
[2024-01-14T16:40:46.881+0500] {processor.py:830} INFO - Processing file /home/ml-srv/ml_pr3/airflow/dags/youtube_comments_score.py for tasks to queue
[2024-01-14T16:40:46.882+0500] {logging_mixin.py:188} INFO - [2024-01-14T16:40:46.881+0500] {dagbag.py:538} INFO - Filling up the DagBag from /home/ml-srv/ml_pr3/airflow/dags/youtube_comments_score.py
[2024-01-14T16:40:46.890+0500] {processor.py:840} INFO - DAG(s) 'youtube_comments_score' retrieved from /home/ml-srv/ml_pr3/airflow/dags/youtube_comments_score.py
[2024-01-14T16:40:46.906+0500] {logging_mixin.py:188} INFO - [2024-01-14T16:40:46.906+0500] {dag.py:3033} INFO - Sync 1 DAGs
[2024-01-14T16:40:46.914+0500] {logging_mixin.py:188} INFO - [2024-01-14T16:40:46.913+0500] {dag.py:3820} INFO - Setting next_dagrun for youtube_comments_score to None, run_after=None
[2024-01-14T16:40:46.928+0500] {processor.py:183} INFO - Processing /home/ml-srv/ml_pr3/airflow/dags/youtube_comments_score.py took 0.050 seconds
